#
# There is insufficient memory for the Java Runtime Environment to continue.
# Native memory allocation (malloc) failed to allocate 1278576 bytes. Error detail: Chunk::new
# Possible reasons:
#   The system is out of physical RAM or swap space
#   This process is running with CompressedOops enabled, and the Java Heap may be blocking the growth of the native heap
# Possible solutions:
#   Reduce memory load on the system
#   Increase physical memory or swap space
#   Check if swap backing store is full
#   Decrease Java heap size (-Xmx/-Xms)
#   Decrease number of Java threads
#   Decrease Java thread stack sizes (-Xss)
#   Set larger code cache with -XX:ReservedCodeCacheSize=
#   JVM is running with Unscaled Compressed Oops mode in which the Java heap is
#     placed in the first 4GB address space. The Java Heap base address is the
#     maximum limit for the native heap growth. Please use -XX:HeapBaseMinAddress
#     to set the Java Heap base and to place the Java Heap above 4GB virtual address.
# This output file may be truncated or incomplete.
#
#  Out of Memory Error (arena.cpp:168), pid=4864, tid=16256
#
# JRE version: OpenJDK Runtime Environment (21.0.9) (build 21.0.9+-14787801-b1163.94)
# Java VM: OpenJDK 64-Bit Server VM (21.0.9+-14787801-b1163.94, mixed mode, tiered, compressed oops, compressed class ptrs, g1 gc, windows-amd64)
# No core dump will be written. Minidumps are not enabled by default on client versions of Windows
#

---------------  S U M M A R Y ------------

Command Line: --add-opens=java.base/java.lang=ALL-UNNAMED --add-opens=java.base/java.lang.invoke=ALL-UNNAMED --add-opens=java.base/java.util=ALL-UNNAMED --add-opens=java.prefs/java.util.prefs=ALL-UNNAMED --add-exports=jdk.compiler/com.sun.tools.javac.api=ALL-UNNAMED --add-exports=jdk.compiler/com.sun.tools.javac.util=ALL-UNNAMED --add-opens=java.base/java.util=ALL-UNNAMED --add-opens=java.prefs/java.util.prefs=ALL-UNNAMED --add-opens=java.base/java.nio.charset=ALL-UNNAMED --add-opens=java.base/java.net=ALL-UNNAMED --add-opens=java.base/java.util.concurrent=ALL-UNNAMED --add-opens=java.base/java.util.concurrent.atomic=ALL-UNNAMED --add-opens=java.xml/javax.xml.namespace=ALL-UNNAMED --add-opens=java.base/java.time=ALL-UNNAMED -Xmx2048m -Dfile.encoding=UTF-8 -Duser.country=IN -Duser.language=en -Duser.variant -javaagent:C:\Users\harsh\.gradle\wrapper\dists\gradle-9.3.1-bin\23ovyewtku6u96viwx3xl3oks\gradle-9.3.1\lib\agents\gradle-instrumentation-agent-9.3.1.jar org.gradle.launcher.daemon.bootstrap.GradleDaemon 9.3.1

Host: 11th Gen Intel(R) Core(TM) i3-1125G4 @ 2.00GHz, 8 cores, 7G,  Windows 11 , 64 bit Build 26100 (10.0.26100.7920)
Time: Wed Mar 25 23:02:22 2026 India Standard Time elapsed time: 18.161734 seconds (0d 0h 0m 18s)

---------------  T H R E A D  ---------------

Current thread (0x0000016444268980):  JavaThread "C2 CompilerThread0" daemon [_thread_in_native, id=16256, stack(0x000000181f500000,0x000000181f600000) (1024K)]


Current CompileTask:
C2:18161 7402       4       org.objectweb.asm.MethodWriter::computeAllFrames (510 bytes)

Stack: [0x000000181f500000,0x000000181f600000]
Native frames: (J=compiled Java code, j=interpreted, Vv=VM code, C=native code)
V  [jvm.dll+0x6d6c99]
V  [jvm.dll+0x866b83]
V  [jvm.dll+0x8691ae]
V  [jvm.dll+0x869893]
V  [jvm.dll+0x280776]
V  [jvm.dll+0xc07cd]
V  [jvm.dll+0xc0d03]
V  [jvm.dll+0x3b9831]
V  [jvm.dll+0x3856a7]
V  [jvm.dll+0x384b1a]
V  [jvm.dll+0x249462]
V  [jvm.dll+0x248a31]
V  [jvm.dll+0x1c7344]
V  [jvm.dll+0x2581ae]
V  [jvm.dll+0x2566f6]
V  [jvm.dll+0x3f48a6]
V  [jvm.dll+0x80f118]
V  [jvm.dll+0x6d54ed]
C  [ucrtbase.dll+0x37b0]
C  [KERNEL32.DLL+0x2e8d7]
C  [ntdll.dll+0x8c48c]


---------------  P R O C E S S  ---------------

Threads class SMR info:
_java_thread_list=0x000001644c9d7690, length=62, elements={
0x000001642a655b80, 0x00000164441fa330, 0x0000016444221db0, 0x0000016444222810,
0x00000164442439b0, 0x0000016444256720, 0x0000016444257180, 0x0000016444257be0,
0x0000016444268980, 0x000001644426f7c0, 0x00000164445629e0, 0x0000016449ac9480,
0x000001644b137de0, 0x000001644a9dcd80, 0x0000016449b6ba40, 0x0000016449919590,
0x0000016449a688b0, 0x0000016449933940, 0x0000016449932590, 0x0000016449934660,
0x00000164499332b0, 0x0000016449933fd0, 0x0000016449934cf0, 0x0000016449931870,
0x000001644ba968c0, 0x000001644ba98990, 0x000001644ba99020, 0x000001644ba96f50,
0x000001644ba95ba0, 0x000001644ba96230, 0x000001644ba98300, 0x000001644ba996b0,
0x000001644ba99d40, 0x000001644ba9a3d0, 0x000001644ba9aa60, 0x000001644ba975e0,
0x000001644ba9be10, 0x000001644ba9b780, 0x000001644ba9cb30, 0x000001644d96f6d0,
0x000001644d970a80, 0x000001644d971110, 0x000001644d9717a0, 0x000001644d96e320,
0x000001644d971e30, 0x000001644d96e9b0, 0x000001644d9724c0, 0x000001644d96f040,
0x000001644d972b50, 0x000001644d9731e0, 0x000001644d973870, 0x000001644d973f00,
0x000001644d974590, 0x000001644ba9b0f0, 0x00000164498b3290, 0x00000164498b3920,
0x00000164498b3fb0, 0x00000164498b2c00, 0x00000164498b5360, 0x00000164498b4640,
0x00000164498b59f0, 0x000001644426e350
}

Java Threads: ( => current thread )
  0x000001642a655b80 JavaThread "main"                              [_thread_blocked, id=11760, stack(0x000000181e600000,0x000000181e700000) (1024K)]
  0x00000164441fa330 JavaThread "Common-Cleaner"             daemon [_thread_blocked, id=21140, stack(0x000000181ee00000,0x000000181ef00000) (1024K)]
  0x0000016444221db0 JavaThread "Reference Handler"          daemon [_thread_blocked, id=20056, stack(0x000000181ef00000,0x000000181f000000) (1024K)]
  0x0000016444222810 JavaThread "Finalizer"                  daemon [_thread_blocked, id=11708, stack(0x000000181f000000,0x000000181f100000) (1024K)]
  0x00000164442439b0 JavaThread "Signal Dispatcher"          daemon [_thread_blocked, id=8920, stack(0x000000181f100000,0x000000181f200000) (1024K)]
  0x0000016444256720 JavaThread "Attach Listener"            daemon [_thread_blocked, id=7296, stack(0x000000181f200000,0x000000181f300000) (1024K)]
  0x0000016444257180 JavaThread "Service Thread"             daemon [_thread_blocked, id=17764, stack(0x000000181f300000,0x000000181f400000) (1024K)]
  0x0000016444257be0 JavaThread "Monitor Deflation Thread"   daemon [_thread_blocked, id=1272, stack(0x000000181f400000,0x000000181f500000) (1024K)]
=>0x0000016444268980 JavaThread "C2 CompilerThread0"         daemon [_thread_in_native, id=16256, stack(0x000000181f500000,0x000000181f600000) (1024K)]
  0x000001644426f7c0 JavaThread "C1 CompilerThread0"         daemon [_thread_blocked, id=20900, stack(0x000000181f600000,0x000000181f700000) (1024K)]
  0x00000164445629e0 JavaThread "Notification Thread"        daemon [_thread_blocked, id=5404, stack(0x000000181f700000,0x000000181f800000) (1024K)]
  0x0000016449ac9480 JavaThread "Daemon health stats"               [_thread_blocked, id=14200, stack(0x000000181fb00000,0x000000181fc00000) (1024K)]
  0x000001644b137de0 JavaThread "Incoming local TCP Connector on port 64179"        [_thread_in_native, id=14360, stack(0x000000181fe00000,0x000000181ff00000) (1024K)]
  0x000001644a9dcd80 JavaThread "Daemon periodic checks"            [_thread_blocked, id=8796, stack(0x0000001820200000,0x0000001820300000) (1024K)]
  0x0000016449b6ba40 JavaThread "Daemon"                            [_thread_blocked, id=19952, stack(0x0000001820300000,0x0000001820400000) (1024K)]
  0x0000016449919590 JavaThread "Handler for socket connection from /127.0.0.1:64179 to /127.0.0.1:64180"        [_thread_in_native, id=18536, stack(0x0000001820400000,0x0000001820500000) (1024K)]
  0x0000016449a688b0 JavaThread "Cancel handler"                    [_thread_blocked, id=20652, stack(0x0000001820600000,0x0000001820700000) (1024K)]
  0x0000016449933940 JavaThread "Daemon worker"                     [_thread_in_Java, id=3476, stack(0x0000001820700000,0x0000001820800000) (1024K)]
  0x0000016449932590 JavaThread "Asynchronous log dispatcher for DefaultDaemonConnection: socket connection from /127.0.0.1:64179 to /127.0.0.1:64180"        [_thread_blocked, id=19312, stack(0x0000001820800000,0x0000001820900000) (1024K)]
  0x0000016449934660 JavaThread "Stdin handler"                     [_thread_blocked, id=16280, stack(0x0000001820900000,0x0000001820a00000) (1024K)]
  0x00000164499332b0 JavaThread "Daemon client event forwarder"        [_thread_blocked, id=17980, stack(0x0000001820a00000,0x0000001820b00000) (1024K)]
  0x0000016449933fd0 JavaThread "Cache worker for journal cache (C:\Users\harsh\.gradle\caches\journal-1)"        [_thread_blocked, id=12500, stack(0x0000001820b00000,0x0000001820c00000) (1024K)]
  0x0000016449934cf0 JavaThread "File lock request listener"        [_thread_in_native, id=16364, stack(0x0000001820c00000,0x0000001820d00000) (1024K)]
  0x0000016449931870 JavaThread "Cache worker for file hash cache (C:\Users\harsh\.gradle\caches\9.3.1\fileHashes)"        [_thread_blocked, id=20964, stack(0x0000001820d00000,0x0000001820e00000) (1024K)]
  0x000001644ba968c0 JavaThread "Cache worker for file hash cache (C:\Users\harsh\AndroidStudioProjects\Acg project\.gradle\9.3.1\fileHashes)"        [_thread_blocked, id=6508, stack(0x0000001820e00000,0x0000001820f00000) (1024K)]
  0x000001644ba98990 JavaThread "Cache worker for Build Output Cleanup Cache (C:\Users\harsh\AndroidStudioProjects\Acg project\.gradle\buildOutputCleanup)"        [_thread_blocked, id=21244, stack(0x0000001820f00000,0x0000001821000000) (1024K)]
  0x000001644ba99020 JavaThread "File watcher server"        daemon [_thread_in_native, id=19052, stack(0x0000001821000000,0x0000001821100000) (1024K)]
  0x000001644ba96f50 JavaThread "File watcher consumer"      daemon [_thread_blocked, id=16224, stack(0x0000001821100000,0x0000001821200000) (1024K)]
  0x000001644ba95ba0 JavaThread "jar transforms"                    [_thread_blocked, id=5724, stack(0x0000001821200000,0x0000001821300000) (1024K)]
  0x000001644ba96230 JavaThread "jar transforms Thread 2"           [_thread_blocked, id=9852, stack(0x0000001821300000,0x0000001821400000) (1024K)]
  0x000001644ba98300 JavaThread "jar transforms Thread 3"           [_thread_blocked, id=9172, stack(0x0000001821400000,0x0000001821500000) (1024K)]
  0x000001644ba996b0 JavaThread "jar transforms Thread 4"           [_thread_blocked, id=18132, stack(0x0000001821500000,0x0000001821600000) (1024K)]
  0x000001644ba99d40 JavaThread "jar transforms Thread 5"           [_thread_blocked, id=2524, stack(0x0000001821600000,0x0000001821700000) (1024K)]
  0x000001644ba9a3d0 JavaThread "jar transforms Thread 6"           [_thread_blocked, id=4904, stack(0x0000001821700000,0x0000001821800000) (1024K)]
  0x000001644ba9aa60 JavaThread "jar transforms Thread 7"           [_thread_blocked, id=19168, stack(0x0000001821800000,0x0000001821900000) (1024K)]
  0x000001644ba975e0 JavaThread "jar transforms Thread 8"           [_thread_blocked, id=14676, stack(0x0000001821900000,0x0000001821a00000) (1024K)]
  0x000001644ba9be10 JavaThread "Cache worker for checksums cache (C:\Users\harsh\AndroidStudioProjects\Acg project\.gradle\9.3.1\checksums)"        [_thread_blocked, id=17964, stack(0x0000001821a00000,0x0000001821b00000) (1024K)]
  0x000001644ba9b780 JavaThread "Cache worker for file content cache (C:\Users\harsh\.gradle\caches\9.3.1\fileContent)"        [_thread_blocked, id=5140, stack(0x0000001821b00000,0x0000001821c00000) (1024K)]
  0x000001644ba9cb30 JavaThread "Cache worker for cache directory md-supplier (C:\Users\harsh\.gradle\caches\9.3.1\md-supplier)"        [_thread_blocked, id=15432, stack(0x0000001821c00000,0x0000001821d00000) (1024K)]
  0x000001644d96f6d0 JavaThread "Cache worker for cache directory md-rule (C:\Users\harsh\.gradle\caches\9.3.1\md-rule)"        [_thread_blocked, id=8680, stack(0x0000001821d00000,0x0000001821e00000) (1024K)]
  0x000001644d970a80 JavaThread "Unconstrained build operations"        [_thread_blocked, id=7616, stack(0x0000001821e00000,0x0000001821f00000) (1024K)]
  0x000001644d971110 JavaThread "Unconstrained build operations Thread 2"        [_thread_blocked, id=15900, stack(0x0000001821f00000,0x0000001822000000) (1024K)]
  0x000001644d9717a0 JavaThread "Unconstrained build operations Thread 3"        [_thread_blocked, id=5076, stack(0x0000001822000000,0x0000001822100000) (1024K)]
  0x000001644d96e320 JavaThread "Unconstrained build operations Thread 4"        [_thread_blocked, id=20384, stack(0x0000001822100000,0x0000001822200000) (1024K)]
  0x000001644d971e30 JavaThread "Unconstrained build operations Thread 5"        [_thread_blocked, id=13668, stack(0x0000001822200000,0x0000001822300000) (1024K)]
  0x000001644d96e9b0 JavaThread "Unconstrained build operations Thread 6"        [_thread_blocked, id=4680, stack(0x0000001822300000,0x0000001822400000) (1024K)]
  0x000001644d9724c0 JavaThread "Unconstrained build operations Thread 7"        [_thread_blocked, id=18276, stack(0x0000001822400000,0x0000001822500000) (1024K)]
  0x000001644d96f040 JavaThread "Unconstrained build operations Thread 8"        [_thread_blocked, id=12080, stack(0x0000001822500000,0x0000001822600000) (1024K)]
  0x000001644d972b50 JavaThread "Unconstrained build operations Thread 9"        [_thread_blocked, id=7096, stack(0x0000001822600000,0x0000001822700000) (1024K)]
  0x000001644d9731e0 JavaThread "Unconstrained build operations Thread 10"        [_thread_blocked, id=12816, stack(0x0000001822700000,0x0000001822800000) (1024K)]
  0x000001644d973870 JavaThread "Unconstrained build operations Thread 11"        [_thread_blocked, id=13864, stack(0x0000001822800000,0x0000001822900000) (1024K)]
  0x000001644d973f00 JavaThread "Unconstrained build operations Thread 12"        [_thread_blocked, id=19460, stack(0x0000001822900000,0x0000001822a00000) (1024K)]
  0x000001644d974590 JavaThread "Unconstrained build operations Thread 13"        [_thread_blocked, id=3464, stack(0x0000001822a00000,0x0000001822b00000) (1024K)]
  0x000001644ba9b0f0 JavaThread "Unconstrained build operations Thread 14"        [_thread_blocked, id=17576, stack(0x0000001822b00000,0x0000001822c00000) (1024K)]
  0x00000164498b3290 JavaThread "Unconstrained build operations Thread 15"        [_thread_blocked, id=21304, stack(0x0000001822c00000,0x0000001822d00000) (1024K)]
  0x00000164498b3920 JavaThread "Unconstrained build operations Thread 16"        [_thread_blocked, id=16376, stack(0x0000001822d00000,0x0000001822e00000) (1024K)]
  0x00000164498b3fb0 JavaThread "Unconstrained build operations Thread 17"        [_thread_blocked, id=20636, stack(0x0000001822e00000,0x0000001822f00000) (1024K)]
  0x00000164498b2c00 JavaThread "Unconstrained build operations Thread 18"        [_thread_blocked, id=18928, stack(0x0000001822f00000,0x0000001823000000) (1024K)]
  0x00000164498b5360 JavaThread "Unconstrained build operations Thread 19"        [_thread_blocked, id=8592, stack(0x0000001823000000,0x0000001823100000) (1024K)]
  0x00000164498b4640 JavaThread "Unconstrained build operations Thread 20"        [_thread_blocked, id=16516, stack(0x0000001823100000,0x0000001823200000) (1024K)]
  0x00000164498b59f0 JavaThread "Unconstrained build operations Thread 21"        [_thread_blocked, id=2068, stack(0x0000001823200000,0x0000001823300000) (1024K)]
  0x000001644426e350 JavaThread "C2 CompilerThread1"         daemon [_thread_blocked, id=16700, stack(0x0000001823300000,0x0000001823400000) (1024K)]
Total: 62

Other Threads:
  0x00000164441d2e00 VMThread "VM Thread"                           [id=16780, stack(0x000000181ed00000,0x000000181ee00000) (1024K)]
  0x0000016443cee390 WatcherThread "VM Periodic Task Thread"        [id=15652, stack(0x000000181ec00000,0x000000181ed00000) (1024K)]
  0x000001642c992a60 WorkerThread "GC Thread#0"                     [id=20080, stack(0x000000181e700000,0x000000181e800000) (1024K)]
  0x0000016444b7e1d0 WorkerThread "GC Thread#1"                     [id=18380, stack(0x000000181f900000,0x000000181fa00000) (1024K)]
  0x000001644461ccd0 WorkerThread "GC Thread#2"                     [id=16040, stack(0x000000181fa00000,0x000000181fb00000) (1024K)]
  0x000001644918f380 WorkerThread "GC Thread#3"                     [id=4404, stack(0x000000181fc00000,0x000000181fd00000) (1024K)]
  0x000001644918f720 WorkerThread "GC Thread#4"                     [id=7388, stack(0x000000181fd00000,0x000000181fe00000) (1024K)]
  0x000001644b1817f0 WorkerThread "GC Thread#5"                     [id=5740, stack(0x000000181ff00000,0x0000001820000000) (1024K)]
  0x000001644a800cc0 WorkerThread "GC Thread#6"                     [id=18532, stack(0x0000001820000000,0x0000001820100000) (1024K)]
  0x000001644aa74b40 WorkerThread "GC Thread#7"                     [id=2368, stack(0x0000001820100000,0x0000001820200000) (1024K)]
  0x000001642c9a4160 ConcurrentGCThread "G1 Main Marker"            [id=19256, stack(0x000000181e800000,0x000000181e900000) (1024K)]
  0x000001642c9a59b0 WorkerThread "G1 Conc#0"                       [id=8212, stack(0x000000181e900000,0x000000181ea00000) (1024K)]
  0x000001644ac81ec0 WorkerThread "G1 Conc#1"                       [id=12208, stack(0x0000001820500000,0x0000001820600000) (1024K)]
  0x0000016443bc2050 ConcurrentGCThread "G1 Refine#0"               [id=11900, stack(0x000000181ea00000,0x000000181eb00000) (1024K)]
  0x0000016443bc26e0 ConcurrentGCThread "G1 Service"                [id=9696, stack(0x000000181eb00000,0x000000181ec00000) (1024K)]
Total: 15

Threads with active compile tasks:
C2 CompilerThread0  18190 7402       4       org.objectweb.asm.MethodWriter::computeAllFrames (510 bytes)
Total: 1

VM state: not at safepoint (normal execution)

VM Mutex/Monitor currently owned by a thread:  ([mutex/lock_event])
[0x00007ffb84d76890] AdapterHandlerLibrary_lock - owner thread: 0x0000000000000000

Heap address: 0x0000000080000000, size: 2048 MB, Compressed Oops mode: 32-bit

CDS archive(s) not mapped
Compressed class space mapped at: 0x0000000100000000-0x0000000140000000, reserved size: 1073741824
Narrow klass base: 0x0000000000000000, Narrow klass shift: 3, Narrow klass range: 0x140000000

GC Precious Log:
 CardTable entry size: 512
 Card Set container configuration: InlinePtr #cards 5 size 8 Array Of Cards #cards 12 size 40 Howl #buckets 4 coarsen threshold 1843 Howl Bitmap #cards 512 size 80 coarsen threshold 460 Card regions per heap region 1 cards per card region 2048
 CPUs: 8 total, 8 available
 Memory: 7834M
 Large Page Support: Disabled
 NUMA Support: Disabled
 Compressed Oops: Enabled (32-bit)
 Heap Region Size: 1M
 Heap Min Capacity: 8M
 Heap Initial Capacity: 124M
 Heap Max Capacity: 2G
 Pre-touch: Disabled
 Parallel Workers: 8
 Concurrent Workers: 2
 Concurrent Refinement Workers: 8
 Periodic GC: Disabled

Heap:
 garbage-first heap   total 126976K, used 103442K [0x0000000080000000, 0x0000000100000000)
  region size 1024K, 29 young (29696K), 4 survivors (4096K)
 Metaspace       used 78685K, committed 80576K, reserved 1179648K
  class space    used 11238K, committed 12160K, reserved 1048576K

Heap Regions: E=young(eden), S=young(survivor), O=old, HS=humongous(starts), HC=humongous(continues), CS=collection set, F=free, TAMS=top-at-mark-start, PB=parsable bottom
|   0|0x0000000080000000, 0x0000000080100000, 0x0000000080100000|100%|HS|  |TAMS 0x0000000080000000| PB 0x0000000080000000| Complete 
|   1|0x0000000080100000, 0x0000000080200000, 0x0000000080200000|100%|HC|  |TAMS 0x0000000080100000| PB 0x0000000080100000| Complete 
|   2|0x0000000080200000, 0x0000000080300000, 0x0000000080300000|100%|HC|  |TAMS 0x0000000080200000| PB 0x0000000080200000| Complete 
|   3|0x0000000080300000, 0x0000000080400000, 0x0000000080400000|100%|HC|  |TAMS 0x0000000080300000| PB 0x0000000080300000| Complete 
|   4|0x0000000080400000, 0x0000000080500000, 0x0000000080500000|100%| O|  |TAMS 0x0000000080400000| PB 0x0000000080400000| Untracked 
|   5|0x0000000080500000, 0x0000000080600000, 0x0000000080600000|100%| O|  |TAMS 0x0000000080500000| PB 0x0000000080500000| Untracked 
|   6|0x0000000080600000, 0x0000000080700000, 0x0000000080700000|100%|HS|  |TAMS 0x0000000080600000| PB 0x0000000080600000| Complete 
|   7|0x0000000080700000, 0x0000000080800000, 0x0000000080800000|100%| O|  |TAMS 0x0000000080700000| PB 0x0000000080700000| Untracked 
|   8|0x0000000080800000, 0x0000000080900000, 0x0000000080900000|100%| O|  |TAMS 0x0000000080800000| PB 0x0000000080800000| Untracked 
|   9|0x0000000080900000, 0x0000000080a00000, 0x0000000080a00000|100%| O|  |TAMS 0x0000000080900000| PB 0x0000000080900000| Untracked 
|  10|0x0000000080a00000, 0x0000000080b00000, 0x0000000080b00000|100%| O|  |TAMS 0x0000000080a00000| PB 0x0000000080a00000| Untracked 
|  11|0x0000000080b00000, 0x0000000080c00000, 0x0000000080c00000|100%| O|  |TAMS 0x0000000080b00000| PB 0x0000000080b00000| Untracked 
|  12|0x0000000080c00000, 0x0000000080d00000, 0x0000000080d00000|100%| O|  |TAMS 0x0000000080c00000| PB 0x0000000080c00000| Untracked 
|  13|0x0000000080d00000, 0x0000000080e00000, 0x0000000080e00000|100%| O|  |TAMS 0x0000000080d00000| PB 0x0000000080d00000| Untracked 
|  14|0x0000000080e00000, 0x0000000080f00000, 0x0000000080f00000|100%| O|  |TAMS 0x0000000080e00000| PB 0x0000000080e00000| Untracked 
|  15|0x0000000080f00000, 0x0000000081000000, 0x0000000081000000|100%| O|  |TAMS 0x0000000080f00000| PB 0x0000000080f00000| Untracked 
|  16|0x0000000081000000, 0x0000000081100000, 0x0000000081100000|100%| O|  |TAMS 0x0000000081000000| PB 0x0000000081000000| Untracked 
|  17|0x0000000081100000, 0x0000000081200000, 0x0000000081200000|100%| O|  |TAMS 0x0000000081100000| PB 0x0000000081100000| Untracked 
|  18|0x0000000081200000, 0x0000000081300000, 0x0000000081300000|100%| O|  |TAMS 0x0000000081200000| PB 0x0000000081200000| Untracked 
|  19|0x0000000081300000, 0x0000000081400000, 0x0000000081400000|100%| O|  |TAMS 0x0000000081300000| PB 0x0000000081300000| Untracked 
|  20|0x0000000081400000, 0x0000000081500000, 0x0000000081500000|100%| O|  |TAMS 0x0000000081400000| PB 0x0000000081400000| Untracked 
|  21|0x0000000081500000, 0x0000000081600000, 0x0000000081600000|100%| O|  |TAMS 0x0000000081500000| PB 0x0000000081500000| Untracked 
|  22|0x0000000081600000, 0x0000000081700000, 0x0000000081700000|100%| O|  |TAMS 0x0000000081600000| PB 0x0000000081600000| Untracked 
|  23|0x0000000081700000, 0x0000000081800000, 0x0000000081800000|100%|HS|  |TAMS 0x0000000081700000| PB 0x0000000081700000| Complete 
|  24|0x0000000081800000, 0x0000000081900000, 0x0000000081900000|100%|HC|  |TAMS 0x0000000081800000| PB 0x0000000081800000| Complete 
|  25|0x0000000081900000, 0x0000000081a00000, 0x0000000081a00000|100%|HC|  |TAMS 0x0000000081900000| PB 0x0000000081900000| Complete 
|  26|0x0000000081a00000, 0x0000000081b00000, 0x0000000081b00000|100%|HC|  |TAMS 0x0000000081a00000| PB 0x0000000081a00000| Complete 
|  27|0x0000000081b00000, 0x0000000081c00000, 0x0000000081c00000|100%|HC|  |TAMS 0x0000000081b00000| PB 0x0000000081b00000| Complete 
|  28|0x0000000081c00000, 0x0000000081d00000, 0x0000000081d00000|100%|HC|  |TAMS 0x0000000081c00000| PB 0x0000000081c00000| Complete 
|  29|0x0000000081d00000, 0x0000000081e00000, 0x0000000081e00000|100%|HS|  |TAMS 0x0000000081d00000| PB 0x0000000081d00000| Complete 
|  30|0x0000000081e00000, 0x0000000081f00000, 0x0000000081f00000|100%|HC|  |TAMS 0x0000000081e00000| PB 0x0000000081e00000| Complete 
|  31|0x0000000081f00000, 0x0000000082000000, 0x0000000082000000|100%|HS|  |TAMS 0x0000000081f00000| PB 0x0000000081f00000| Complete 
|  32|0x0000000082000000, 0x0000000082100000, 0x0000000082100000|100%| O|  |TAMS 0x0000000082000000| PB 0x0000000082000000| Untracked 
|  33|0x0000000082100000, 0x0000000082200000, 0x0000000082200000|100%| O|  |TAMS 0x0000000082100000| PB 0x0000000082100000| Untracked 
|  34|0x0000000082200000, 0x0000000082300000, 0x0000000082300000|100%|HS|  |TAMS 0x0000000082200000| PB 0x0000000082200000| Complete 
|  35|0x0000000082300000, 0x0000000082400000, 0x0000000082400000|100%|HC|  |TAMS 0x0000000082300000| PB 0x0000000082300000| Complete 
|  36|0x0000000082400000, 0x0000000082500000, 0x0000000082500000|100%|HC|  |TAMS 0x0000000082400000| PB 0x0000000082400000| Complete 
|  37|0x0000000082500000, 0x0000000082600000, 0x0000000082600000|100%|HC|  |TAMS 0x0000000082500000| PB 0x0000000082500000| Complete 
|  38|0x0000000082600000, 0x0000000082700000, 0x0000000082700000|100%|HC|  |TAMS 0x0000000082600000| PB 0x0000000082600000| Complete 
|  39|0x0000000082700000, 0x0000000082800000, 0x0000000082800000|100%|HC|  |TAMS 0x0000000082700000| PB 0x0000000082700000| Complete 
|  40|0x0000000082800000, 0x0000000082900000, 0x0000000082900000|100%|HS|  |TAMS 0x0000000082800000| PB 0x0000000082800000| Complete 
|  41|0x0000000082900000, 0x0000000082a00000, 0x0000000082a00000|100%|HC|  |TAMS 0x0000000082900000| PB 0x0000000082900000| Complete 
|  42|0x0000000082a00000, 0x0000000082b00000, 0x0000000082b00000|100%|HS|  |TAMS 0x0000000082a00000| PB 0x0000000082a00000| Complete 
|  43|0x0000000082b00000, 0x0000000082c00000, 0x0000000082c00000|100%| O|  |TAMS 0x0000000082b00000| PB 0x0000000082b00000| Untracked 
|  44|0x0000000082c00000, 0x0000000082d00000, 0x0000000082d00000|100%| O|  |TAMS 0x0000000082c00000| PB 0x0000000082c00000| Untracked 
|  45|0x0000000082d00000, 0x0000000082e00000, 0x0000000082e00000|100%| O|  |TAMS 0x0000000082d00000| PB 0x0000000082d00000| Untracked 
|  46|0x0000000082e00000, 0x0000000082f00000, 0x0000000082f00000|100%| O|  |TAMS 0x0000000082e00000| PB 0x0000000082e00000| Untracked 
|  47|0x0000000082f00000, 0x0000000083000000, 0x0000000083000000|100%| O|  |TAMS 0x0000000082f00000| PB 0x0000000082f00000| Untracked 
|  48|0x0000000083000000, 0x0000000083100000, 0x0000000083100000|100%| O|  |TAMS 0x0000000083000000| PB 0x0000000083000000| Untracked 
|  49|0x0000000083100000, 0x0000000083200000, 0x0000000083200000|100%| O|  |TAMS 0x0000000083100000| PB 0x0000000083100000| Untracked 
|  50|0x0000000083200000, 0x0000000083300000, 0x0000000083300000|100%| O|  |TAMS 0x0000000083200000| PB 0x0000000083200000| Untracked 
|  51|0x0000000083300000, 0x0000000083400000, 0x0000000083400000|100%| O|  |TAMS 0x0000000083300000| PB 0x0000000083300000| Untracked 
|  52|0x0000000083400000, 0x0000000083500000, 0x0000000083500000|100%| O|  |TAMS 0x0000000083400000| PB 0x0000000083400000| Untracked 
|  53|0x0000000083500000, 0x0000000083600000, 0x0000000083600000|100%| O|  |TAMS 0x0000000083500000| PB 0x0000000083500000| Untracked 
|  54|0x0000000083600000, 0x0000000083700000, 0x0000000083700000|100%|HS|  |TAMS 0x0000000083600000| PB 0x0000000083600000| Complete 
|  55|0x0000000083700000, 0x0000000083800000, 0x0000000083800000|100%|HC|  |TAMS 0x0000000083700000| PB 0x0000000083700000| Complete 
|  56|0x0000000083800000, 0x0000000083900000, 0x0000000083900000|100%| O|  |TAMS 0x0000000083800000| PB 0x0000000083800000| Untracked 
|  57|0x0000000083900000, 0x0000000083a00000, 0x0000000083a00000|100%| O|  |TAMS 0x0000000083900000| PB 0x0000000083900000| Untracked 
|  58|0x0000000083a00000, 0x0000000083b00000, 0x0000000083b00000|100%| O|  |TAMS 0x0000000083a00000| PB 0x0000000083a00000| Untracked 
|  59|0x0000000083b00000, 0x0000000083c00000, 0x0000000083c00000|100%| O|  |TAMS 0x0000000083b00000| PB 0x0000000083b00000| Untracked 
|  60|0x0000000083c00000, 0x0000000083d00000, 0x0000000083d00000|100%| O|  |TAMS 0x0000000083c00000| PB 0x0000000083c00000| Untracked 
|  61|0x0000000083d00000, 0x0000000083e00000, 0x0000000083e00000|100%| O|  |TAMS 0x0000000083d00000| PB 0x0000000083d00000| Untracked 
|  62|0x0000000083e00000, 0x0000000083f00000, 0x0000000083f00000|100%| O|  |TAMS 0x0000000083e00000| PB 0x0000000083e00000| Untracked 
|  63|0x0000000083f00000, 0x0000000083f11c28, 0x0000000084000000|  6%| O|  |TAMS 0x0000000083f00000| PB 0x0000000083f00000| Untracked 
|  64|0x0000000084000000, 0x0000000084000000, 0x0000000084100000|  0%| F|  |TAMS 0x0000000084000000| PB 0x0000000084000000| Untracked 
|  65|0x0000000084100000, 0x0000000084100000, 0x0000000084200000|  0%| F|  |TAMS 0x0000000084100000| PB 0x0000000084100000| Untracked 
|  66|0x0000000084200000, 0x0000000084300000, 0x0000000084300000|100%| O|  |TAMS 0x0000000084200000| PB 0x0000000084200000| Untracked 
|  67|0x0000000084300000, 0x0000000084400000, 0x0000000084400000|100%| O|  |TAMS 0x0000000084300000| PB 0x0000000084300000| Untracked 
|  68|0x0000000084400000, 0x0000000084500000, 0x0000000084500000|100%| O|  |TAMS 0x0000000084400000| PB 0x0000000084400000| Untracked 
|  69|0x0000000084500000, 0x0000000084600000, 0x0000000084600000|100%| O|  |TAMS 0x0000000084500000| PB 0x0000000084500000| Untracked 
|  70|0x0000000084600000, 0x0000000084700000, 0x0000000084700000|100%| O|  |TAMS 0x0000000084600000| PB 0x0000000084600000| Untracked 
|  71|0x0000000084700000, 0x0000000084800000, 0x0000000084800000|100%| O|  |TAMS 0x0000000084700000| PB 0x0000000084700000| Untracked 
|  72|0x0000000084800000, 0x0000000084800000, 0x0000000084900000|  0%| F|  |TAMS 0x0000000084800000| PB 0x0000000084800000| Untracked 
|  73|0x0000000084900000, 0x0000000084900000, 0x0000000084a00000|  0%| F|  |TAMS 0x0000000084900000| PB 0x0000000084900000| Untracked 
|  74|0x0000000084a00000, 0x0000000084a00000, 0x0000000084b00000|  0%| F|  |TAMS 0x0000000084a00000| PB 0x0000000084a00000| Untracked 
|  75|0x0000000084b00000, 0x0000000084bf2bd8, 0x0000000084c00000| 94%| S|CS|TAMS 0x0000000084b00000| PB 0x0000000084b00000| Complete 
|  76|0x0000000084c00000, 0x0000000084d00000, 0x0000000084d00000|100%| S|CS|TAMS 0x0000000084c00000| PB 0x0000000084c00000| Complete 
|  77|0x0000000084d00000, 0x0000000084e00000, 0x0000000084e00000|100%| S|CS|TAMS 0x0000000084d00000| PB 0x0000000084d00000| Complete 
|  78|0x0000000084e00000, 0x0000000084f00000, 0x0000000084f00000|100%| S|CS|TAMS 0x0000000084e00000| PB 0x0000000084e00000| Complete 
|  79|0x0000000084f00000, 0x0000000084f00000, 0x0000000085000000|  0%| F|  |TAMS 0x0000000084f00000| PB 0x0000000084f00000| Untracked 
|  80|0x0000000085000000, 0x0000000085000000, 0x0000000085100000|  0%| F|  |TAMS 0x0000000085000000| PB 0x0000000085000000| Untracked 
|  81|0x0000000085100000, 0x0000000085100000, 0x0000000085200000|  0%| F|  |TAMS 0x0000000085100000| PB 0x0000000085100000| Untracked 
|  82|0x0000000085200000, 0x0000000085200000, 0x0000000085300000|  0%| F|  |TAMS 0x0000000085200000| PB 0x0000000085200000| Untracked 
|  83|0x0000000085300000, 0x0000000085300000, 0x0000000085400000|  0%| F|  |TAMS 0x0000000085300000| PB 0x0000000085300000| Untracked 
|  84|0x0000000085400000, 0x0000000085400000, 0x0000000085500000|  0%| F|  |TAMS 0x0000000085400000| PB 0x0000000085400000| Untracked 
|  85|0x0000000085500000, 0x0000000085500000, 0x0000000085600000|  0%| F|  |TAMS 0x0000000085500000| PB 0x0000000085500000| Untracked 
|  86|0x0000000085600000, 0x0000000085600000, 0x0000000085700000|  0%| F|  |TAMS 0x0000000085600000| PB 0x0000000085600000| Untracked 
|  87|0x0000000085700000, 0x0000000085700000, 0x0000000085800000|  0%| F|  |TAMS 0x0000000085700000| PB 0x0000000085700000| Untracked 
|  88|0x0000000085800000, 0x0000000085800000, 0x0000000085900000|  0%| F|  |TAMS 0x0000000085800000| PB 0x0000000085800000| Untracked 
|  89|0x0000000085900000, 0x0000000085900000, 0x0000000085a00000|  0%| F|  |TAMS 0x0000000085900000| PB 0x0000000085900000| Untracked 
|  90|0x0000000085a00000, 0x0000000085a00000, 0x0000000085b00000|  0%| F|  |TAMS 0x0000000085a00000| PB 0x0000000085a00000| Untracked 
|  91|0x0000000085b00000, 0x0000000085b00000, 0x0000000085c00000|  0%| F|  |TAMS 0x0000000085b00000| PB 0x0000000085b00000| Untracked 
|  92|0x0000000085c00000, 0x0000000085c00000, 0x0000000085d00000|  0%| F|  |TAMS 0x0000000085c00000| PB 0x0000000085c00000| Untracked 
|  93|0x0000000085d00000, 0x0000000085d00000, 0x0000000085e00000|  0%| F|  |TAMS 0x0000000085d00000| PB 0x0000000085d00000| Untracked 
|  94|0x0000000085e00000, 0x0000000085e95848, 0x0000000085f00000| 58%| E|  |TAMS 0x0000000085e00000| PB 0x0000000085e00000| Complete 
|  95|0x0000000085f00000, 0x0000000086000000, 0x0000000086000000|100%| E|CS|TAMS 0x0000000085f00000| PB 0x0000000085f00000| Complete 
|  96|0x0000000086000000, 0x0000000086100000, 0x0000000086100000|100%| E|CS|TAMS 0x0000000086000000| PB 0x0000000086000000| Complete 
|  97|0x0000000086100000, 0x0000000086200000, 0x0000000086200000|100%| E|CS|TAMS 0x0000000086100000| PB 0x0000000086100000| Complete 
|  98|0x0000000086200000, 0x0000000086300000, 0x0000000086300000|100%| E|CS|TAMS 0x0000000086200000| PB 0x0000000086200000| Complete 
|  99|0x0000000086300000, 0x0000000086400000, 0x0000000086400000|100%| E|CS|TAMS 0x0000000086300000| PB 0x0000000086300000| Complete 
| 100|0x0000000086400000, 0x0000000086500000, 0x0000000086500000|100%| E|CS|TAMS 0x0000000086400000| PB 0x0000000086400000| Complete 
| 101|0x0000000086500000, 0x0000000086600000, 0x0000000086600000|100%| E|CS|TAMS 0x0000000086500000| PB 0x0000000086500000| Complete 
| 102|0x0000000086600000, 0x0000000086700000, 0x0000000086700000|100%| E|CS|TAMS 0x0000000086600000| PB 0x0000000086600000| Complete 
| 103|0x0000000086700000, 0x0000000086800000, 0x0000000086800000|100%| E|CS|TAMS 0x0000000086700000| PB 0x0000000086700000| Complete 
| 104|0x0000000086800000, 0x0000000086900000, 0x0000000086900000|100%| E|CS|TAMS 0x0000000086800000| PB 0x0000000086800000| Complete 
| 105|0x0000000086900000, 0x0000000086a00000, 0x0000000086a00000|100%| E|CS|TAMS 0x0000000086900000| PB 0x0000000086900000| Complete 
| 106|0x0000000086a00000, 0x0000000086b00000, 0x0000000086b00000|100%| E|CS|TAMS 0x0000000086a00000| PB 0x0000000086a00000| Complete 
| 107|0x0000000086b00000, 0x0000000086c00000, 0x0000000086c00000|100%| E|CS|TAMS 0x0000000086b00000| PB 0x0000000086b00000| Complete 
| 108|0x0000000086c00000, 0x0000000086d00000, 0x0000000086d00000|100%| E|CS|TAMS 0x0000000086c00000| PB 0x0000000086c00000| Complete 
| 109|0x0000000086d00000, 0x0000000086e00000, 0x0000000086e00000|100%| E|CS|TAMS 0x0000000086d00000| PB 0x0000000086d00000| Complete 
| 110|0x0000000086e00000, 0x0000000086f00000, 0x0000000086f00000|100%| E|CS|TAMS 0x0000000086e00000| PB 0x0000000086e00000| Complete 
| 111|0x0000000086f00000, 0x0000000087000000, 0x0000000087000000|100%| E|CS|TAMS 0x0000000086f00000| PB 0x0000000086f00000| Complete 
| 112|0x0000000087000000, 0x0000000087100000, 0x0000000087100000|100%| E|CS|TAMS 0x0000000087000000| PB 0x0000000087000000| Complete 
| 113|0x0000000087100000, 0x0000000087200000, 0x0000000087200000|100%| E|CS|TAMS 0x0000000087100000| PB 0x0000000087100000| Complete 
| 114|0x0000000087200000, 0x0000000087300000, 0x0000000087300000|100%| E|CS|TAMS 0x0000000087200000| PB 0x0000000087200000| Complete 
| 115|0x0000000087300000, 0x0000000087400000, 0x0000000087400000|100%| E|CS|TAMS 0x0000000087300000| PB 0x0000000087300000| Complete 
| 116|0x0000000087400000, 0x0000000087500000, 0x0000000087500000|100%| E|CS|TAMS 0x0000000087400000| PB 0x0000000087400000| Complete 
| 123|0x0000000087b00000, 0x0000000087c00000, 0x0000000087c00000|100%| E|CS|TAMS 0x0000000087b00000| PB 0x0000000087b00000| Complete 
|2042|0x00000000ffa00000, 0x00000000ffb00000, 0x00000000ffb00000|100%| O|  |TAMS 0x00000000ffa00000| PB 0x00000000ffa00000| Untracked 
|2043|0x00000000ffb00000, 0x00000000ffc00000, 0x00000000ffc00000|100%| O|  |TAMS 0x00000000ffb00000| PB 0x00000000ffb00000| Untracked 
|2044|0x00000000ffc00000, 0x00000000ffd00000, 0x00000000ffd00000|100%| O|  |TAMS 0x00000000ffc00000| PB 0x00000000ffc00000| Untracked 
|2045|0x00000000ffd00000, 0x00000000ffe00000, 0x00000000ffe00000|100%| E|CS|TAMS 0x00000000ffd00000| PB 0x00000000ffd00000| Complete 
|2046|0x00000000ffe00000, 0x00000000fff00000, 0x00000000fff00000|100%| E|CS|TAMS 0x00000000ffe00000| PB 0x00000000ffe00000| Complete 
|2047|0x00000000fff00000, 0x0000000100000000, 0x0000000100000000|100%| O|  |TAMS 0x00000000fff00000| PB 0x00000000fff00000| Untracked 

Card table byte_map: [0x000001643f1d0000,0x000001643f5d0000] _byte_map_base: 0x000001643edd0000

Marking Bits: (CMBitMap*) 0x000001642c993070
 Bits: [0x000001643f5d0000, 0x00000164415d0000)

Polling page: 0x000001642a9c0000

Metaspace:

Usage:
  Non-class:     65.87 MB used.
      Class:     10.98 MB used.
       Both:     76.85 MB used.

Virtual space:
  Non-class space:      128.00 MB reserved,      66.81 MB ( 52%) committed,  2 nodes.
      Class space:        1.00 GB reserved,      11.88 MB (  1%) committed,  1 nodes.
             Both:        1.12 GB reserved,      78.69 MB (  7%) committed. 

Chunk freelists:
   Non-Class:  13.14 MB
       Class:  4.03 MB
        Both:  17.17 MB

MaxMetaspaceSize: unlimited
CompressedClassSpaceSize: 1.00 GB
Initial GC threshold: 21.00 MB
Current GC threshold: 110.94 MB
CDS: off
 - commit_granule_bytes: 65536.
 - commit_granule_words: 8192.
 - virtual_space_node_default_size: 8388608.
 - enlarge_chunks_in_place: 1.
 - use_allocation_guard: 0.


Internal statistics:

num_allocs_failed_limit: 6.
num_arena_births: 3602.
num_arena_deaths: 0.
num_vsnodes_births: 3.
num_vsnodes_deaths: 0.
num_space_committed: 1259.
num_space_uncommitted: 0.
num_chunks_returned_to_freelist: 6.
num_chunks_taken_from_freelist: 6854.
num_chunk_merges: 3.
num_chunk_splits: 4398.
num_chunks_enlarged: 2642.
num_inconsistent_stats: 0.

CodeHeap 'non-profiled nmethods': size=120000Kb used=3893Kb max_used=3893Kb free=116106Kb
 bounds [0x0000016437570000, 0x0000016437940000, 0x000001643eaa0000]
CodeHeap 'profiled nmethods': size=120000Kb used=12176Kb max_used=12176Kb free=107823Kb
 bounds [0x000001642faa0000, 0x0000016430690000, 0x0000016436fd0000]
CodeHeap 'non-nmethods': size=5760Kb used=2163Kb max_used=2185Kb free=3596Kb
 bounds [0x0000016436fd0000, 0x0000016437240000, 0x0000016437570000]
CodeCache: size=245760Kb, used=18232Kb, max_used=18254Kb, free=227525Kb
 total_blobs=7262, nmethods=6422, adapters=744, full_count=0
Compilation: enabled, stopped_count=0, restarted_count=0

Compilation events (20 events):
Event: 17.133 Thread 0x000001644426f7c0 nmethod 7409 0x000001643065cc10 code [0x000001643065cde0, 0x000001643065d0e0]
Event: 17.133 Thread 0x000001644426f7c0 7408       3       sun.reflect.generics.visitor.Reifier::visitTypeVariableSignature (18 bytes)
Event: 17.134 Thread 0x000001644426f7c0 nmethod 7408 0x000001643065d210 code [0x000001643065d3e0, 0x000001643065d720]
Event: 17.134 Thread 0x000001644426f7c0 7412   !   3       org.objectweb.asm.ClassWriter::getCommonSuperClass (141 bytes)
Event: 17.134 Thread 0x000001644426f7c0 nmethod 7412 0x000001643065d910 code [0x000001643065dc00, 0x000001643065e720]
Event: 17.135 Thread 0x000001644426f7c0 7413       3       org.objectweb.asm.ClassWriter::getClassLoader (8 bytes)
Event: 17.135 Thread 0x000001644426f7c0 nmethod 7413 0x000001643065ed10 code [0x000001643065eee0, 0x000001643065f1c0]
Event: 17.137 Thread 0x000001644426e350 nmethod 7410 0x0000016437937090 code [0x0000016437937240, 0x00000164379378e8]
Event: 17.137 Thread 0x000001644426e350 7411       4       java.util.Spliterators$ArraySpliterator::tryAdvance (58 bytes)
Event: 17.138 Thread 0x000001644426e350 nmethod 7411 0x0000016437937a90 code [0x0000016437937c40, 0x0000016437937e30]
Event: 17.140 Thread 0x000001644426f7c0 7414       3       org.gradle.internal.operations.DefaultBuildOperationRunner::access$300 (4 bytes)
Event: 17.140 Thread 0x000001644426f7c0 nmethod 7414 0x000001643065f310 code [0x000001643065f4a0, 0x000001643065f598]
Event: 17.141 Thread 0x000001644426e350 7415       4       jdk.internal.loader.BuiltinClassLoader::hasClassPath (13 bytes)
Event: 17.141 Thread 0x000001644426e350 nmethod 7415 0x0000016437938010 code [0x00000164379381a0, 0x0000016437938230]
Event: 17.146 Thread 0x000001644426e350 7417       4       org.objectweb.asm.Frame::push (59 bytes)
Event: 17.146 Thread 0x000001644426f7c0 7416       3       org.gradle.internal.instantiation.generator.AsmBackedClassGenerator$ClassBuilderImpl::addLazyGetter (18 bytes)
Event: 17.146 Thread 0x000001644426f7c0 nmethod 7416 0x000001643065f610 code [0x000001643065f7c0, 0x000001643065f928]
Event: 17.148 Thread 0x000001644426f7c0 7418       3       org.objectweb.asm.AnnotationWriter::visitEnd (44 bytes)
Event: 17.148 Thread 0x000001644426f7c0 nmethod 7418 0x000001643065fa10 code [0x000001643065fbc0, 0x000001643065fd60]
Event: 17.148 Thread 0x000001644426f7c0 7419       3       org.objectweb.asm.ClassReader::readCode (5117 bytes)

GC Heap History (20 events):
Event: 4.618 GC heap before
{Heap before GC invocations=11 (full 0):
 garbage-first heap   total 94208K, used 86486K [0x0000000080000000, 0x0000000100000000)
  region size 1024K, 42 young (43008K), 5 survivors (5120K)
 Metaspace       used 43373K, committed 44416K, reserved 1114112K
  class space    used 6005K, committed 6528K, reserved 1048576K
}
Event: 4.624 GC heap after
{Heap after GC invocations=12 (full 0):
 garbage-first heap   total 100352K, used 55137K [0x0000000080000000, 0x0000000100000000)
  region size 1024K, 6 young (6144K), 6 survivors (6144K)
 Metaspace       used 43373K, committed 44416K, reserved 1114112K
  class space    used 6005K, committed 6528K, reserved 1048576K
}
Event: 5.150 GC heap before
{Heap before GC invocations=12 (full 0):
 garbage-first heap   total 100352K, used 85857K [0x0000000080000000, 0x0000000100000000)
  region size 1024K, 36 young (36864K), 6 survivors (6144K)
 Metaspace       used 47315K, committed 48640K, reserved 1114112K
  class space    used 6694K, committed 7360K, reserved 1048576K
}
Event: 5.155 GC heap after
{Heap after GC invocations=13 (full 0):
 garbage-first heap   total 100352K, used 57329K [0x0000000080000000, 0x0000000100000000)
  region size 1024K, 3 young (3072K), 3 survivors (3072K)
 Metaspace       used 47315K, committed 48640K, reserved 1114112K
  class space    used 6694K, committed 7360K, reserved 1048576K
}
Event: 5.721 GC heap before
{Heap before GC invocations=14 (full 0):
 garbage-first heap   total 100352K, used 87025K [0x0000000080000000, 0x0000000100000000)
  region size 1024K, 33 young (33792K), 3 survivors (3072K)
 Metaspace       used 51789K, committed 53184K, reserved 1114112K
  class space    used 7209K, committed 7872K, reserved 1048576K
}
Event: 5.729 GC heap after
{Heap after GC invocations=15 (full 0):
 garbage-first heap   total 100352K, used 60416K [0x0000000080000000, 0x0000000100000000)
  region size 1024K, 5 young (5120K), 5 survivors (5120K)
 Metaspace       used 51789K, committed 53184K, reserved 1114112K
  class space    used 7209K, committed 7872K, reserved 1048576K
}
Event: 6.185 GC heap before
{Heap before GC invocations=15 (full 0):
 garbage-first heap   total 100352K, used 90112K [0x0000000080000000, 0x0000000100000000)
  region size 1024K, 34 young (34816K), 5 survivors (5120K)
 Metaspace       used 55412K, committed 56896K, reserved 1114112K
  class space    used 7813K, committed 8512K, reserved 1048576K
}
Event: 6.190 GC heap after
{Heap after GC invocations=16 (full 0):
 garbage-first heap   total 100352K, used 61972K [0x0000000080000000, 0x0000000100000000)
  region size 1024K, 2 young (2048K), 2 survivors (2048K)
 Metaspace       used 55412K, committed 56896K, reserved 1114112K
  class space    used 7813K, committed 8512K, reserved 1048576K
}
Event: 6.453 GC heap before
{Heap before GC invocations=16 (full 0):
 garbage-first heap   total 100352K, used 77332K [0x0000000080000000, 0x0000000100000000)
  region size 1024K, 18 young (18432K), 2 survivors (2048K)
 Metaspace       used 56791K, committed 58304K, reserved 1114112K
  class space    used 8072K, committed 8768K, reserved 1048576K
}
Event: 6.457 GC heap after
{Heap after GC invocations=17 (full 0):
 garbage-first heap   total 120832K, used 63603K [0x0000000080000000, 0x0000000100000000)
  region size 1024K, 4 young (4096K), 4 survivors (4096K)
 Metaspace       used 56791K, committed 58304K, reserved 1114112K
  class space    used 8072K, committed 8768K, reserved 1048576K
}
Event: 7.009 GC heap before
{Heap before GC invocations=18 (full 0):
 garbage-first heap   total 120832K, used 108659K [0x0000000080000000, 0x0000000100000000)
  region size 1024K, 47 young (48128K), 4 survivors (4096K)
 Metaspace       used 58736K, committed 60416K, reserved 1114112K
  class space    used 8320K, committed 9152K, reserved 1048576K
}
Event: 7.014 GC heap after
{Heap after GC invocations=19 (full 0):
 garbage-first heap   total 120832K, used 71069K [0x0000000080000000, 0x0000000100000000)
  region size 1024K, 6 young (6144K), 6 survivors (6144K)
 Metaspace       used 58736K, committed 60416K, reserved 1114112K
  class space    used 8320K, committed 9152K, reserved 1048576K
}
Event: 7.164 GC heap before
{Heap before GC invocations=19 (full 0):
 garbage-first heap   total 120832K, used 107933K [0x0000000080000000, 0x0000000100000000)
  region size 1024K, 42 young (43008K), 6 survivors (6144K)
 Metaspace       used 59254K, committed 60928K, reserved 1114112K
  class space    used 8421K, committed 9216K, reserved 1048576K
}
Event: 7.168 GC heap after
{Heap after GC invocations=20 (full 0):
 garbage-first heap   total 120832K, used 72311K [0x0000000080000000, 0x0000000100000000)
  region size 1024K, 2 young (2048K), 2 survivors (2048K)
 Metaspace       used 59254K, committed 60928K, reserved 1114112K
  class space    used 8421K, committed 9216K, reserved 1048576K
}
Event: 14.439 GC heap before
{Heap before GC invocations=20 (full 0):
 garbage-first heap   total 120832K, used 108151K [0x0000000080000000, 0x0000000100000000)
  region size 1024K, 38 young (38912K), 2 survivors (2048K)
 Metaspace       used 66144K, committed 67840K, reserved 1114112K
  class space    used 9376K, committed 10240K, reserved 1048576K
}
Event: 14.445 GC heap after
{Heap after GC invocations=21 (full 0):
 garbage-first heap   total 120832K, used 75184K [0x0000000080000000, 0x0000000100000000)
  region size 1024K, 4 young (4096K), 4 survivors (4096K)
 Metaspace       used 66144K, committed 67840K, reserved 1114112K
  class space    used 9376K, committed 10240K, reserved 1048576K
}
Event: 16.437 GC heap before
{Heap before GC invocations=22 (full 0):
 garbage-first heap   total 126976K, used 110000K [0x0000000080000000, 0x0000000100000000)
  region size 1024K, 38 young (38912K), 4 survivors (4096K)
 Metaspace       used 71207K, committed 72960K, reserved 1114112K
  class space    used 10053K, committed 10880K, reserved 1048576K
}
Event: 16.441 GC heap after
{Heap after GC invocations=23 (full 0):
 garbage-first heap   total 126976K, used 76901K [0x0000000080000000, 0x0000000100000000)
  region size 1024K, 2 young (2048K), 2 survivors (2048K)
 Metaspace       used 71207K, committed 72960K, reserved 1114112K
  class space    used 10053K, committed 10880K, reserved 1048576K
}
Event: 16.880 GC heap before
{Heap before GC invocations=23 (full 0):
 garbage-first heap   total 126976K, used 115813K [0x0000000080000000, 0x0000000100000000)
  region size 1024K, 40 young (40960K), 2 survivors (2048K)
 Metaspace       used 75985K, committed 77824K, reserved 1179648K
  class space    used 10810K, committed 11712K, reserved 1048576K
}
Event: 16.885 GC heap after
{Heap after GC invocations=24 (full 0):
 garbage-first heap   total 126976K, used 78866K [0x0000000080000000, 0x0000000100000000)
  region size 1024K, 4 young (4096K), 4 survivors (4096K)
 Metaspace       used 75985K, committed 77824K, reserved 1179648K
  class space    used 10810K, committed 11712K, reserved 1048576K
}

Dll operation events (3 events):
Event: 0.011 Loaded shared library E:\Android\jbr\bin\java.dll
Event: 0.016 Loaded shared library E:\Android\jbr\bin\zip.dll
Event: 0.673 Loaded shared library E:\Android\jbr\bin\verify.dll

Deoptimization events (20 events):
Event: 16.761 Thread 0x0000016449933940 Uncommon trap: trap_request=0xffffff45 fr.pc=0x000001643766637c relative=0x000000000000023c
Event: 16.761 Thread 0x0000016449933940 Uncommon trap: reason=unstable_if action=reinterpret pc=0x000001643766637c method=java.util.HashMap.getNode(Ljava/lang/Object;)Ljava/util/HashMap$Node; @ 85 c2
Event: 16.761 Thread 0x0000016449933940 DEOPT PACKING pc=0x000001643766637c sp=0x00000018207f7510
Event: 16.761 Thread 0x0000016449933940 DEOPT UNPACKING pc=0x0000016437027aa2 sp=0x00000018207f7490 mode 2
Event: 16.953 Thread 0x0000016449933940 Uncommon trap: trap_request=0xffffff45 fr.pc=0x0000016437923430 relative=0x0000000000000090
Event: 16.953 Thread 0x0000016449933940 Uncommon trap: reason=unstable_if action=reinterpret pc=0x0000016437923430 method=org.gradle.internal.serialize.graph.codecs.BindingsBuilder$producerForSubtypesOf$1.encodingForType(Ljava/lang/Class;)Lorg/gradle/internal/serialize/graph/Codec; @ 27 c2
Event: 16.953 Thread 0x0000016449933940 DEOPT PACKING pc=0x0000016437923430 sp=0x00000018207f8500
Event: 16.953 Thread 0x0000016449933940 DEOPT UNPACKING pc=0x0000016437027aa2 sp=0x00000018207f8408 mode 2
Event: 17.128 Thread 0x0000016449933940 Uncommon trap: trap_request=0xffffff45 fr.pc=0x00000164379209f4 relative=0x0000000000000834
Event: 17.128 Thread 0x0000016449933940 Uncommon trap: reason=unstable_if action=reinterpret pc=0x00000164379209f4 method=java.util.HashMap.putVal(ILjava/lang/Object;Ljava/lang/Object;ZZ)Ljava/lang/Object; @ 85 c2
Event: 17.128 Thread 0x0000016449933940 DEOPT PACKING pc=0x00000164379209f4 sp=0x00000018207f6e20
Event: 17.128 Thread 0x0000016449933940 DEOPT UNPACKING pc=0x0000016437027aa2 sp=0x00000018207f6d50 mode 2
Event: 17.131 Thread 0x0000016449933940 Uncommon trap: trap_request=0xffffff45 fr.pc=0x000001643791c5d8 relative=0x00000000000003d8
Event: 17.131 Thread 0x0000016449933940 Uncommon trap: reason=unstable_if action=reinterpret pc=0x000001643791c5d8 method=org.gradle.internal.reflect.PropertyAccessorType.isGetGetterName(Ljava/lang/String;)Z @ 14 c2
Event: 17.131 Thread 0x0000016449933940 DEOPT PACKING pc=0x000001643791c5d8 sp=0x00000018207f7120
Event: 17.131 Thread 0x0000016449933940 DEOPT UNPACKING pc=0x0000016437027aa2 sp=0x00000018207f7078 mode 2
Event: 17.139 Thread 0x0000016449933940 Uncommon trap: trap_request=0xffffffde fr.pc=0x00000164376a6c24 relative=0x0000000000000164
Event: 17.139 Thread 0x0000016449933940 Uncommon trap: reason=class_check action=maybe_recompile pc=0x00000164376a6c24 method=java.util.stream.StreamOpFlag.fromCharacteristics(Ljava/util/Spliterator;)I @ 14 c2
Event: 17.139 Thread 0x0000016449933940 DEOPT PACKING pc=0x00000164376a6c24 sp=0x00000018207f7ef0
Event: 17.139 Thread 0x0000016449933940 DEOPT UNPACKING pc=0x0000016437027aa2 sp=0x00000018207f7e30 mode 2

Classes loaded (20 events):
Event: 16.982 Loading class java/util/IdentityHashMap$EntryIterator
Event: 16.982 Loading class java/util/IdentityHashMap$IdentityHashMapIterator
Event: 16.982 Loading class java/util/IdentityHashMap$IdentityHashMapIterator done
Event: 16.982 Loading class java/util/IdentityHashMap$EntryIterator done
Event: 16.982 Loading class java/util/IdentityHashMap$EntryIterator$Entry
Event: 16.982 Loading class java/util/IdentityHashMap$EntryIterator$Entry done
Event: 17.024 Loading class java/lang/invoke/SerializedLambda$1
Event: 17.024 Loading class java/lang/invoke/SerializedLambda$1 done
Event: 17.042 Loading class org/xml/sax/Locator
Event: 17.042 Loading class org/xml/sax/Locator done
Event: 17.043 Loading class org/xml/sax/SAXParseException
Event: 17.043 Loading class org/xml/sax/SAXParseException done
Event: 17.043 Loading class org/xml/sax/Attributes
Event: 17.044 Loading class org/xml/sax/Attributes done
Event: 17.129 Loading class java/util/function/LongUnaryOperator
Event: 17.129 Loading class java/util/function/LongUnaryOperator done
Event: 17.139 Loading class java/util/TreeMap$KeySpliterator
Event: 17.139 Loading class java/util/TreeMap$TreeMapSpliterator
Event: 17.139 Loading class java/util/TreeMap$TreeMapSpliterator done
Event: 17.139 Loading class java/util/TreeMap$KeySpliterator done

Classes unloaded (0 events):
No events

Classes redefined (0 events):
No events

Internal exceptions (20 events):
Event: 16.709 Thread 0x0000016449933940 Exception <a 'sun/nio/fs/WindowsException'{0x000000008623d980}> (0x000000008623d980) 
thrown [s\src\hotspot\share\prims\jni.cpp, line 537]
Event: 16.774 Thread 0x0000016449933940 Exception <a 'java/lang/NoSuchMethodError'{0x0000000085b01528}: 'java.lang.Object java.lang.invoke.Invokers$Holder.invoker(java.lang.Object, java.lang.Object, java.lang.Object, java.lang.Object, java.lang.Object)'> (0x0000000085b01528) 
thrown [s\src\hotspot\share\interpreter\linkResolver.cpp, line 784]
Event: 16.821 Thread 0x0000016449933940 Exception <a 'sun/nio/fs/WindowsException'{0x00000000857c8408}> (0x00000000857c8408) 
thrown [s\src\hotspot\share\prims\jni.cpp, line 537]
Event: 16.834 Thread 0x0000016449933940 Exception <a 'sun/nio/fs/WindowsException'{0x0000000085556b70}> (0x0000000085556b70) 
thrown [s\src\hotspot\share\prims\jni.cpp, line 537]
Event: 16.977 Thread 0x0000016449933940 Exception <a 'java/lang/NoSuchMethodError'{0x0000000086f39158}: 'void java.lang.invoke.DelegatingMethodHandle$Holder.reinvoke_L(java.lang.Object, java.lang.Object, int)'> (0x0000000086f39158) 
thrown [s\src\hotspot\share\interpreter\linkResolver.cpp, line 784]
Event: 16.977 Thread 0x0000016449933940 Exception <a 'java/lang/NoSuchMethodError'{0x0000000086f40a20}: 'int java.lang.invoke.Invokers$Holder.invokeExact_MT(java.lang.Object, java.lang.Object, java.lang.Object)'> (0x0000000086f40a20) 
thrown [s\src\hotspot\share\interpreter\linkResolver.cpp, line 784]
Event: 16.979 Thread 0x0000016449933940 Exception <a 'java/lang/NoSuchMethodError'{0x0000000086f57d78}: 'void java.lang.invoke.DelegatingMethodHandle$Holder.reinvoke_L(java.lang.Object, java.lang.Object, long)'> (0x0000000086f57d78) 
thrown [s\src\hotspot\share\interpreter\linkResolver.cpp, line 784]
Event: 16.979 Thread 0x0000016449933940 Exception <a 'java/lang/NoSuchMethodError'{0x0000000086f5f5a8}: 'long java.lang.invoke.Invokers$Holder.invokeExact_MT(java.lang.Object, java.lang.Object, java.lang.Object)'> (0x0000000086f5f5a8) 
thrown [s\src\hotspot\share\interpreter\linkResolver.cpp, line 784]
Event: 17.011 Thread 0x0000016449933940 Exception <a 'java/lang/NoSuchMethodError'{0x0000000086c4f058}: 'void java.lang.invoke.Invokers$Holder.invokeExact_MT(java.lang.Object, java.lang.Object, java.lang.Object, java.lang.Object)'> (0x0000000086c4f058) 
thrown [s\src\hotspot\share\interpreter\linkResolver.cpp, line 784]
Event: 17.019 Thread 0x0000016449933940 Exception <a 'java/lang/ClassNotFoundException'{0x0000000086cd2d80}: org/gradle/internal/serialize/codecs/core/ClosureCodec$BrokenScriptBeanInfo> (0x0000000086cd2d80) 
thrown [s\src\hotspot\share\classfile\systemDictionary.cpp, line 312]
Event: 17.019 Thread 0x0000016449933940 Exception <a 'java/lang/ClassNotFoundException'{0x0000000086ce3a10}: org/gradle/internal/serialize/codecs/core/ClosureCodec$BrokenScriptCustomizer> (0x0000000086ce3a10) 
thrown [s\src\hotspot\share\classfile\systemDictionary.cpp, line 312]
Event: 17.021 Thread 0x0000016449933940 Exception <a 'java/lang/ClassNotFoundException'{0x0000000086b0e2e0}: org/gradle/api/invocation/GradleBeanInfo> (0x0000000086b0e2e0) 
thrown [s\src\hotspot\share\classfile\systemDictionary.cpp, line 312]
Event: 17.021 Thread 0x0000016449933940 Exception <a 'java/lang/ClassNotFoundException'{0x0000000086b1bda0}: org/gradle/api/invocation/GradleCustomizer> (0x0000000086b1bda0) 
thrown [s\src\hotspot\share\classfile\systemDictionary.cpp, line 312]
Event: 17.023 Thread 0x0000016449933940 Exception <a 'java/lang/NoSuchMethodError'{0x0000000086b3f300}: 'void java.lang.invoke.Invokers$Holder.invokeExact_MT(java.lang.Object, java.lang.Object, int, java.lang.Object)'> (0x0000000086b3f300) 
thrown [s\src\hotspot\share\interpreter\linkResolver.cpp, line 784]
Event: 17.025 Thread 0x0000016449933940 Exception <a 'java/lang/NoSuchMethodError'{0x0000000086b5fe80}: 'void java.lang.invoke.Invokers$Holder.invokeExact_MT(java.lang.Object, java.lang.Object, long, java.lang.Object)'> (0x0000000086b5fe80) 
thrown [s\src\hotspot\share\interpreter\linkResolver.cpp, line 784]
Event: 17.037 Thread 0x0000016449933940 Exception <a 'java/lang/ClassNotFoundException'{0x0000000086a80848}: org/gradle/api/internal/project/DefaultProject_DecoratedBeanInfo> (0x0000000086a80848) 
thrown [s\src\hotspot\share\classfile\systemDictionary.cpp, line 312]
Event: 17.037 Thread 0x0000016449933940 Exception <a 'java/lang/ClassNotFoundException'{0x0000000086a8e2f8}: org/gradle/api/internal/project/DefaultProjectBeanInfo> (0x0000000086a8e2f8) 
thrown [s\src\hotspot\share\classfile\systemDictionary.cpp, line 312]
Event: 17.037 Thread 0x0000016449933940 Exception <a 'java/lang/ClassNotFoundException'{0x0000000086a9c1a0}: org/gradle/api/internal/project/DefaultProjectCustomizer> (0x0000000086a9c1a0) 
thrown [s\src\hotspot\share\classfile\systemDictionary.cpp, line 312]
Event: 17.040 Thread 0x0000016449933940 Exception <a 'java/lang/ClassNotFoundException'{0x0000000086950d68}: org/gradle/api/internal/project/DefaultProject_DecoratedCustomizer> (0x0000000086950d68) 
thrown [s\src\hotspot\share\classfile\systemDictionary.cpp, line 312]
Event: 17.129 Thread 0x0000016449933940 Exception <a 'java/lang/NoSuchMethodError'{0x0000000086308288}: 'long java.lang.invoke.DirectMethodHandle$Holder.invokeStatic(java.lang.Object, long)'> (0x0000000086308288) 
thrown [s\src\hotspot\share\interpreter\linkResolver.cpp, line 784]

ZGC Phase Switch (0 events):
No events

VM Operations (20 events):
Event: 14.425 Executing VM operation: Cleanup
Event: 14.425 Executing VM operation: Cleanup done
Event: 14.439 Executing VM operation: G1CollectForAllocation (G1 Evacuation Pause)
Event: 14.445 Executing VM operation: G1CollectForAllocation (G1 Evacuation Pause) done
Event: 14.477 Executing VM operation: G1PauseRemark
Event: 14.481 Executing VM operation: G1PauseRemark done
Event: 14.493 Executing VM operation: G1PauseCleanup
Event: 14.493 Executing VM operation: G1PauseCleanup done
Event: 15.495 Executing VM operation: Cleanup
Event: 15.495 Executing VM operation: Cleanup done
Event: 16.437 Executing VM operation: G1CollectForAllocation (G1 Evacuation Pause)
Event: 16.442 Executing VM operation: G1CollectForAllocation (G1 Evacuation Pause) done
Event: 16.763 Executing VM operation: ICBufferFull
Event: 16.763 Executing VM operation: ICBufferFull done
Event: 16.880 Executing VM operation: G1CollectForAllocation (G1 Evacuation Pause)
Event: 16.885 Executing VM operation: G1CollectForAllocation (G1 Evacuation Pause) done
Event: 16.911 Executing VM operation: HandshakeAllThreads (Deoptimize)
Event: 16.911 Executing VM operation: HandshakeAllThreads (Deoptimize) done
Event: 17.919 Executing VM operation: Cleanup
Event: 17.919 Executing VM operation: Cleanup done

Memory protections (0 events):
No events

Nmethod flushes (20 events):
Event: 14.480 Thread 0x00000164441d2e00 flushing  nmethod 0x000001642fb1ec90
Event: 14.480 Thread 0x00000164441d2e00 flushing  nmethod 0x000001642fb74d10
Event: 14.480 Thread 0x00000164441d2e00 flushing  nmethod 0x000001642fc5eb10
Event: 14.480 Thread 0x00000164441d2e00 flushing  nmethod 0x000001642fc60490
Event: 14.480 Thread 0x00000164441d2e00 flushing  nmethod 0x000001642fc61a90
Event: 14.480 Thread 0x00000164441d2e00 flushing  nmethod 0x000001642fc63d90
Event: 14.480 Thread 0x00000164441d2e00 flushing  nmethod 0x000001642fcd2b10
Event: 14.480 Thread 0x00000164441d2e00 flushing  nmethod 0x000001642fd0e590
Event: 14.480 Thread 0x00000164441d2e00 flushing  nmethod 0x000001642fd4d310
Event: 14.480 Thread 0x00000164441d2e00 flushing  nmethod 0x000001642fe99b10
Event: 14.480 Thread 0x00000164441d2e00 flushing  nmethod 0x000001642ff2b410
Event: 14.480 Thread 0x00000164441d2e00 flushing  nmethod 0x000001642ff88190
Event: 14.480 Thread 0x00000164441d2e00 flushing  nmethod 0x000001642ffdf390
Event: 14.480 Thread 0x00000164441d2e00 flushing  nmethod 0x0000016430035b10
Event: 14.480 Thread 0x00000164441d2e00 flushing  nmethod 0x0000016430099710
Event: 14.480 Thread 0x00000164441d2e00 flushing  nmethod 0x00000164300d1c10
Event: 14.480 Thread 0x00000164441d2e00 flushing  nmethod 0x000001643020e310
Event: 14.480 Thread 0x00000164441d2e00 flushing  nmethod 0x0000016430211010
Event: 14.480 Thread 0x00000164441d2e00 flushing  nmethod 0x000001643024a510
Event: 14.480 Thread 0x00000164441d2e00 flushing  nmethod 0x000001643024bd90

Events (20 events):
Event: 6.577 Thread 0x0000016449933940 Thread added: 0x000001644d9731e0
Event: 6.578 Thread 0x0000016449933940 Thread added: 0x000001644d973870
Event: 6.600 Thread 0x0000016449933940 Thread added: 0x000001644d973f00
Event: 6.600 Thread 0x0000016449933940 Thread added: 0x000001644d974590
Event: 6.600 Thread 0x0000016449933940 Thread added: 0x000001644ba9b0f0
Event: 6.601 Thread 0x0000016449933940 Thread added: 0x00000164498b3290
Event: 6.601 Thread 0x0000016449933940 Thread added: 0x00000164498b3920
Event: 6.601 Thread 0x0000016449933940 Thread added: 0x00000164498b3fb0
Event: 6.602 Thread 0x0000016449933940 Thread added: 0x00000164498b2c00
Event: 7.907 Thread 0x000001644426ea20 Thread exited: 0x000001644426ea20
Event: 14.418 Thread 0x000001644426f7c0 Thread added: 0x0000016444270560
Event: 14.469 Thread 0x0000016444270560 Thread added: 0x0000016444270c30
Event: 14.816 Thread 0x0000016444270c30 Thread exited: 0x0000016444270c30
Event: 14.885 Thread 0x000001644426f7c0 Thread added: 0x0000016444270c30
Event: 15.910 Thread 0x0000016444270c30 Thread exited: 0x0000016444270c30
Event: 16.064 Thread 0x0000016444270560 Thread exited: 0x0000016444270560
Event: 16.096 Thread 0x0000016449933940 Thread added: 0x00000164498b5360
Event: 16.104 Thread 0x0000016449933940 Thread added: 0x00000164498b4640
Event: 16.118 Thread 0x0000016449933940 Thread added: 0x00000164498b59f0
Event: 16.826 Thread 0x000001644426f7c0 Thread added: 0x000001644426e350


Dynamic libraries:
0x00007ff750740000 - 0x00007ff75074a000 	E:\Android\jbr\bin\java.exe
0x00007ffbfe860000 - 0x00007ffbfeac7000 	C:\WINDOWS\SYSTEM32\ntdll.dll
0x00007ffbfdf70000 - 0x00007ffbfe039000 	C:\WINDOWS\System32\KERNEL32.DLL
0x00007ffbfb3b0000 - 0x00007ffbfb7a1000 	C:\WINDOWS\System32\KERNELBASE.dll
0x00007ffbfbad0000 - 0x00007ffbfbc1b000 	C:\WINDOWS\System32\ucrtbase.dll
0x00007ffbd1630000 - 0x00007ffbd164b000 	E:\Android\jbr\bin\VCRUNTIME140.dll
0x00007ffbd1340000 - 0x00007ffbd1358000 	E:\Android\jbr\bin\jli.dll
0x00007ffbfdda0000 - 0x00007ffbfdf65000 	C:\WINDOWS\System32\USER32.dll
0x00007ffbfb7b0000 - 0x00007ffbfb7d7000 	C:\WINDOWS\System32\win32u.dll
0x00007ffbdccc0000 - 0x00007ffbdcf53000 	C:\WINDOWS\WinSxS\amd64_microsoft.windows.common-controls_6595b64144ccf1df_6.0.26100.7922_none_3e089e1ee3342171\COMCTL32.dll
0x00007ffbfd260000 - 0x00007ffbfd28b000 	C:\WINDOWS\System32\GDI32.dll
0x00007ffbfdcf0000 - 0x00007ffbfdd99000 	C:\WINDOWS\System32\msvcrt.dll
0x00007ffbfb1d0000 - 0x00007ffbfb2fa000 	C:\WINDOWS\System32\gdi32full.dll
0x00007ffbfb300000 - 0x00007ffbfb3a3000 	C:\WINDOWS\System32\msvcp_win.dll
0x00007ffbfd3b0000 - 0x00007ffbfd3e1000 	C:\WINDOWS\System32\IMM32.DLL
0x00007ffbf7bf0000 - 0x00007ffbf7bfc000 	E:\Android\jbr\bin\vcruntime140_1.dll
0x00007ffb8b810000 - 0x00007ffb8b89d000 	E:\Android\jbr\bin\msvcp140.dll
0x00007ffb841c0000 - 0x00007ffb84e56000 	E:\Android\jbr\bin\server\jvm.dll
0x00007ffbfd3f0000 - 0x00007ffbfd4ab000 	C:\WINDOWS\System32\ADVAPI32.dll
0x00007ffbfc720000 - 0x00007ffbfc7c7000 	C:\WINDOWS\System32\sechost.dll
0x00007ffbfc600000 - 0x00007ffbfc718000 	C:\WINDOWS\System32\RPCRT4.dll
0x00007ffbfd4b0000 - 0x00007ffbfd524000 	C:\WINDOWS\System32\WS2_32.dll
0x00007ffbfafa0000 - 0x00007ffbfaffe000 	C:\WINDOWS\SYSTEM32\POWRPROF.dll
0x00007ffbf3030000 - 0x00007ffbf3065000 	C:\WINDOWS\SYSTEM32\WINMM.dll
0x00007ffbeb130000 - 0x00007ffbeb13b000 	C:\WINDOWS\SYSTEM32\VERSION.dll
0x00007ffbfaf80000 - 0x00007ffbfaf94000 	C:\WINDOWS\SYSTEM32\UMPDC.dll
0x00007ffbf9ed0000 - 0x00007ffbf9eeb000 	C:\WINDOWS\SYSTEM32\kernel.appcore.dll
0x00007ffbf6160000 - 0x00007ffbf616a000 	E:\Android\jbr\bin\jimage.dll
0x00007ffbf8f00000 - 0x00007ffbf9142000 	C:\WINDOWS\SYSTEM32\DBGHELP.DLL
0x00007ffbfd8f0000 - 0x00007ffbfdc72000 	C:\WINDOWS\System32\combase.dll
0x00007ffbfd770000 - 0x00007ffbfd847000 	C:\WINDOWS\System32\OLEAUT32.dll
0x00007ffbd9460000 - 0x00007ffbd949b000 	C:\WINDOWS\SYSTEM32\dbgcore.DLL
0x00007ffbfc550000 - 0x00007ffbfc5f5000 	C:\WINDOWS\System32\bcryptPrimitives.dll
0x00007ffbdc640000 - 0x00007ffbdc64e000 	E:\Android\jbr\bin\instrument.dll
0x00007ffbce3b0000 - 0x00007ffbce3d0000 	E:\Android\jbr\bin\java.dll
0x00007ffbce290000 - 0x00007ffbce2a8000 	E:\Android\jbr\bin\zip.dll
0x00007ffbfcaf0000 - 0x00007ffbfd24f000 	C:\WINDOWS\System32\SHELL32.dll
0x00007ffbfb7e0000 - 0x00007ffbfb94a000 	C:\WINDOWS\System32\wintypes.dll
0x00007ffbfbce0000 - 0x00007ffbfc544000 	C:\WINDOWS\System32\windows.storage.dll
0x00007ffbfe040000 - 0x00007ffbfe137000 	C:\WINDOWS\System32\SHCORE.dll
0x00007ffbfdc80000 - 0x00007ffbfdce7000 	C:\WINDOWS\System32\shlwapi.dll
0x00007ffbfb060000 - 0x00007ffbfb089000 	C:\WINDOWS\SYSTEM32\profapi.dll
0x00007ffbf6110000 - 0x00007ffbf6120000 	E:\Android\jbr\bin\net.dll
0x00007ffbedb10000 - 0x00007ffbedc37000 	C:\WINDOWS\SYSTEM32\WINHTTP.dll
0x00007ffbfa440000 - 0x00007ffbfa4ab000 	C:\WINDOWS\system32\mswsock.dll
0x00007ffbce270000 - 0x00007ffbce286000 	E:\Android\jbr\bin\nio.dll
0x00007ffbdd610000 - 0x00007ffbdd620000 	E:\Android\jbr\bin\verify.dll
0x00007ffbd15c0000 - 0x00007ffbd15e7000 	C:\Users\harsh\.gradle\native\660c5614fbf4a5f2a75b1949f50a0caf5cd603558e7d8a26e50b933a0cfb79d1\windows-amd64\native-platform.dll
0x00007ffb87f70000 - 0x00007ffb87fe7000 	C:\Users\harsh\.gradle\native\0.2.8\x86_64-windows-gnu\gradle-fileevents.dll
0x00007ffbe4e50000 - 0x00007ffbe4e59000 	E:\Android\jbr\bin\management.dll
0x00007ffbe4c70000 - 0x00007ffbe4c7b000 	E:\Android\jbr\bin\management_ext.dll
0x00007ffbfd370000 - 0x00007ffbfd378000 	C:\WINDOWS\System32\PSAPI.DLL
0x00007ffbf98d0000 - 0x00007ffbf9903000 	C:\WINDOWS\SYSTEM32\IPHLPAPI.DLL
0x00007ffbfd850000 - 0x00007ffbfd85a000 	C:\WINDOWS\System32\NSI.dll
0x00007ffbe4f40000 - 0x00007ffbe4f49000 	E:\Android\jbr\bin\extnet.dll
0x00007ffbfa720000 - 0x00007ffbfa73b000 	C:\WINDOWS\SYSTEM32\CRYPTSP.dll
0x00007ffbf9e30000 - 0x00007ffbf9e69000 	C:\WINDOWS\system32\rsaenh.dll
0x00007ffbfa4f0000 - 0x00007ffbfa522000 	C:\WINDOWS\SYSTEM32\USERENV.dll
0x00007ffbfb030000 - 0x00007ffbfb05a000 	C:\WINDOWS\SYSTEM32\bcrypt.dll
0x00007ffbfa740000 - 0x00007ffbfa74c000 	C:\WINDOWS\SYSTEM32\CRYPTBASE.dll
0x00007ffb7c9c0000 - 0x00007ffb7c9c8000 	C:\WINDOWS\system32\wshunix.dll
0x00007ffbf9970000 - 0x00007ffbf9a9a000 	C:\WINDOWS\SYSTEM32\DNSAPI.dll
0x00007ffbeb170000 - 0x00007ffbeb17b000 	C:\Windows\System32\rasadhlp.dll
0x00007ffbf5b20000 - 0x00007ffbf5ba6000 	C:\WINDOWS\System32\fwpuclnt.dll

JVMTI agents:
C:\Users\harsh\.gradle\wrapper\dists\gradle-9.3.1-bin\23ovyewtku6u96viwx3xl3oks\gradle-9.3.1\lib\agents\gradle-instrumentation-agent-9.3.1.jar path:E:\Android\jbr\bin\instrument.dll, loaded, initialized, instrumentlib options:none

dbghelp: loaded successfully - version: 4.0.5 - missing functions: none
symbol engine: initialized successfully - sym options: 0x614 - pdb path: .;E:\Android\jbr\bin;C:\WINDOWS\SYSTEM32;C:\WINDOWS\WinSxS\amd64_microsoft.windows.common-controls_6595b64144ccf1df_6.0.26100.7922_none_3e089e1ee3342171;E:\Android\jbr\bin\server;C:\Users\harsh\.gradle\native\660c5614fbf4a5f2a75b1949f50a0caf5cd603558e7d8a26e50b933a0cfb79d1\windows-amd64;C:\Users\harsh\.gradle\native\0.2.8\x86_64-windows-gnu

VM Arguments:
jvm_args: --add-opens=java.base/java.lang=ALL-UNNAMED --add-opens=java.base/java.lang.invoke=ALL-UNNAMED --add-opens=java.base/java.util=ALL-UNNAMED --add-opens=java.prefs/java.util.prefs=ALL-UNNAMED --add-exports=jdk.compiler/com.sun.tools.javac.api=ALL-UNNAMED --add-exports=jdk.compiler/com.sun.tools.javac.util=ALL-UNNAMED --add-opens=java.base/java.util=ALL-UNNAMED --add-opens=java.prefs/java.util.prefs=ALL-UNNAMED --add-opens=java.base/java.nio.charset=ALL-UNNAMED --add-opens=java.base/java.net=ALL-UNNAMED --add-opens=java.base/java.util.concurrent=ALL-UNNAMED --add-opens=java.base/java.util.concurrent.atomic=ALL-UNNAMED --add-opens=java.xml/javax.xml.namespace=ALL-UNNAMED --add-opens=java.base/java.time=ALL-UNNAMED -Xmx2048m -Dfile.encoding=UTF-8 -Duser.country=IN -Duser.language=en -Duser.variant -javaagent:C:\Users\harsh\.gradle\wrapper\dists\gradle-9.3.1-bin\23ovyewtku6u96viwx3xl3oks\gradle-9.3.1\lib\agents\gradle-instrumentation-agent-9.3.1.jar 
java_command: org.gradle.launcher.daemon.bootstrap.GradleDaemon 9.3.1
java_class_path (initial): C:\Users\harsh\.gradle\wrapper\dists\gradle-9.3.1-bin\23ovyewtku6u96viwx3xl3oks\gradle-9.3.1\lib\gradle-daemon-main-9.3.1.jar
Launcher Type: SUN_STANDARD

[Global flags]
     intx CICompilerCount                          = 4                                         {product} {ergonomic}
     uint ConcGCThreads                            = 2                                         {product} {ergonomic}
     uint G1ConcRefinementThreads                  = 8                                         {product} {ergonomic}
   size_t G1HeapRegionSize                         = 1048576                                   {product} {ergonomic}
    uintx GCDrainStackTargetSize                   = 64                                        {product} {ergonomic}
   size_t InitialHeapSize                          = 130023424                                 {product} {ergonomic}
   size_t MarkStackSize                            = 4194304                                   {product} {ergonomic}
   size_t MaxHeapSize                              = 2147483648                                {product} {command line}
   size_t MaxNewSize                               = 1287651328                                {product} {ergonomic}
   size_t MinHeapDeltaBytes                        = 1048576                                   {product} {ergonomic}
   size_t MinHeapSize                              = 8388608                                   {product} {ergonomic}
    uintx NonNMethodCodeHeapSize                   = 5839372                                {pd product} {ergonomic}
    uintx NonProfiledCodeHeapSize                  = 122909434                              {pd product} {ergonomic}
    uintx ProfiledCodeHeapSize                     = 122909434                              {pd product} {ergonomic}
    uintx ReservedCodeCacheSize                    = 251658240                              {pd product} {ergonomic}
     bool SegmentedCodeCache                       = true                                      {product} {ergonomic}
   size_t SoftMaxHeapSize                          = 2147483648                             {manageable} {ergonomic}
     bool UseCompressedOops                        = true                           {product lp64_product} {ergonomic}
     bool UseG1GC                                  = true                                      {product} {ergonomic}
     bool UseLargePagesIndividualAllocation        = false                                  {pd product} {ergonomic}

Logging:
Log output configuration:
 #0: stdout all=warning uptime,level,tags foldmultilines=false
 #1: stderr all=off uptime,level,tags foldmultilines=false

Release file:
JAVA_VERSION="21.0.9" 
MODULES="java.base java.compiler java.datatransfer java.xml java.prefs java.desktop java.instrument java.logging java.management java.security.sasl java.naming java.rmi java.management.rmi java.net.http java.scripting java.security.jgss java.transaction.xa java.sql java.sql.rowset java.xml.crypto java.se java.smartcardio jdk.accessibility jdk.internal.jvmstat jdk.attach jdk.charsets jdk.internal.opt jdk.zipfs jdk.compiler jdk.crypto.ec jdk.crypto.cryptoki jdk.dynalink jdk.hotspot.agent jdk.httpserver jdk.internal.ed jdk.internal.le jdk.internal.vm.ci jdk.jartool jdk.javadoc jdk.jcmd jdk.jdeps jdk.jdwp.agent jdk.jdi jdk.jfr jdk.jlink jdk.jsobject jdk.localedata jdk.management jdk.management.agent jdk.management.jfr jdk.naming.dns jdk.naming.rmi jdk.net jdk.sctp jdk.security.auth jdk.security.jgss jdk.unsupported jdk.unsupported.desktop jdk.xml.dom" 
IMPLEMENTOR="JetBrains s.r.o." 
JAVA_RUNTIME_VERSION="21.0.9+-14787801-b1163.94" 
LIBC="default" 
OS_ARCH="x86_64" 
OS_NAME="Windows" 
SOURCE=".:git:0c757ddc9f2f" 

Environment Variables:
PATH=C:\DevSuiteHome_2\jdk\jre\bin\classic;C:\DevSuiteHome_2\jdk\jre\bin;C:\DevSuiteHome_2\jdk\jre\bin\client;C:\DevSuiteHome_2\jlib;C:\DevSuiteHome_2\bin;C:\DevSuiteHome_2\jre\1.4.2\bin\client;C:\DevSuiteHome_2\jre\1.4.2\bin;C:\app\harsh\product\21c\dbhomeXE\bin;C:\WINDOWS\system32;C:\WINDOWS;C:\WINDOWS\System32\Wbem;C:\WINDOWS\System32\WindowsPowerShell\v1.0\;C:\WINDOWS\System32\OpenSSH\;C:\Users\harsh\AppData\Local\Programs\Python\Python311\Scripts\;C:\Users\harsh\AppData\Local\Programs\Python\Python311\;C:\Users\harsh\AppData\Local\Programs\Python\Python313\Scripts\;C:\Users\harsh\AppData\Local\Programs\Python\Python313\;C:\Users\harsh\AppData\Local\Microsoft\WindowsApps;C:\Users\harsh\AppData\Local\Programs\Microsoft VS Code\bin;C:\Users\harsh\AppData\Local\Python\bin
USERNAME=harsh
OS=Windows_NT
PROCESSOR_IDENTIFIER=Intel64 Family 6 Model 140 Stepping 1, GenuineIntel
TMP=C:\Users\harsh\AppData\Local\Temp
TEMP=C:\Users\harsh\AppData\Local\Temp




Periodic native trim disabled

JNI global refs:
JNI global refs: 28, weak refs: 1

JNI global refs memory usage: 835, weak refs: 833

Process memory usage:
Resident Set Size: 347992K (4% of 8022564K total physical memory with 738840K free physical memory)

OOME stack traces (most recent first):
Classloader memory used:
Loader org.gradle.internal.classloader.VisitableURLClassLoader                         : 38001K
Loader bootstrap                                                                       : 27290K
Loader org.gradle.initialization.MixInLegacyTypesClassLoader                           : 10727K
Loader org.gradle.internal.classloader.VisitableURLClassLoader                         : 1010K
Loader org.gradle.internal.classloader.VisitableURLClassLoader$InstrumentingVisitableURLClassLoader: 738K
Loader jdk.internal.loader.ClassLoaders$PlatformClassLoader                            : 438K
Loader jdk.internal.reflect.DelegatingClassLoader                                      : 240K
Loader jdk.internal.loader.ClassLoaders$AppClassLoader                                 : 229K
Loader org.gradle.groovy.scripts.internal.DefaultScriptCompilationHandler$ScriptClassLoader: 91680B

Classes loaded by more than one classloader:
Class org.gradle.internal.IoActions                                                   : loaded 3 times (x 71B)
Class org.gradle.api.Action                                                           : loaded 3 times (x 70B)
Class org.gradle.internal.Cast                                                        : loaded 3 times (x 71B)
Class org.gradle.api.GradleException                                                  : loaded 3 times (x 82B)
Class com.google.common.collect.UnmodifiableListIterator                              : loaded 2 times (x 95B)
Class org.gradle.internal.operations.MultipleBuildOperationFailures                   : loaded 2 times (x 95B)
Class org.gradle.internal.classloader.DefaultClassLoaderFactory                       : loaded 2 times (x 82B)
Class kotlin.collections.AbstractList$Companion                                       : loaded 2 times (x 71B)
Class org.gradle.internal.classloader.ClassLoaderVisitor                              : loaded 2 times (x 76B)
Class org.gradle.api.internal.classpath.EffectiveClassPath                            : loaded 2 times (x 90B)
Class org.gradle.tooling.internal.gradle.DefaultProjectIdentifier                     : loaded 2 times (x 86B)
Class org.gradle.api.internal.DefaultClassPathProvider                                : loaded 2 times (x 76B)
Class [Lorg.gradle.api.internal.ClassPathProvider;                                    : loaded 2 times (x 69B)
Class org.gradle.api.internal.ClassPathProvider                                       : loaded 2 times (x 70B)
Class org.gradle.internal.service.UnknownServiceException                             : loaded 2 times (x 83B)
Class org.gradle.internal.classpath.TransformedClassPath                              : loaded 2 times (x 96B)
Class org.gradle.internal.classloader.InstrumentingClassLoader                        : loaded 2 times (x 70B)
Class com.google.common.collect.Iterators$ArrayItr                                    : loaded 2 times (x 97B)
Class kotlin.enums.EnumEntriesList                                                    : loaded 2 times (x 223B)
Class com.google.common.collect.UnmodifiableIterator                                  : loaded 2 times (x 80B)
Class org.gradle.internal.service.ServiceLocator                                      : loaded 2 times (x 70B)
Class com.intellij.gradle.toolingExtension.util.GradleVersionUtil                     : loaded 2 times (x 71B)
Class com.google.common.collect.Iterators$SingletonIterator                           : loaded 2 times (x 81B)
Class org.gradle.tooling.model.UnsupportedMethodException                             : loaded 2 times (x 82B)
Class com.google.common.collect.Iterators                                             : loaded 2 times (x 71B)
Class com.google.common.collect.Lists$StringAsImmutableList                           : loaded 2 times (x 207B)
Class org.gradle.internal.time.DefaultTimer                                           : loaded 2 times (x 80B)
Class org.gradle.internal.classloader.ClasspathUtil$1                                 : loaded 2 times (x 76B)
Class org.gradle.api.internal.classpath.DefaultModuleRegistry$DefaultModule           : loaded 2 times (x 86B)
Class com.google.common.collect.AbstractIterator                                      : loaded 2 times (x 82B)
Class com.google.common.collect.AbstractIndexedListIterator                           : loaded 2 times (x 96B)
Class org.gradle.internal.time.DefaultCountdownTimer                                  : loaded 2 times (x 88B)
Class org.gradle.tooling.internal.gradle.DefaultBuildIdentifier                       : loaded 2 times (x 79B)
Class org.gradle.api.internal.classpath.Module                                        : loaded 2 times (x 70B)
Class org.gradle.api.internal.classpath.UnknownModuleException                        : loaded 2 times (x 82B)
Class sync_studio_tooling_dup1o2q01lqtxe1pvxdsg8zaa                                   : loaded 2 times (x 171B)
Class org.gradle.tooling.internal.gradle.GradleProjectIdentity                        : loaded 2 times (x 70B)
Class org.gradle.api.internal.DefaultClassPathRegistry                                : loaded 2 times (x 76B)
Class org.gradle.api.internal.ClassPathRegistry                                       : loaded 2 times (x 70B)
Class org.gradle.internal.classpath.DefaultClassPath$ImmutableUniqueList              : loaded 2 times (x 199B)
Class Settings_gradle$1                                                               : loaded 2 times (x 74B)
Class org.gradle.api.internal.classpath.ManifestUtil                                  : loaded 2 times (x 71B)
Class org.gradle.internal.classpath.ClassPath                                         : loaded 2 times (x 70B)
Class com.google.common.collect.Iterators$1                                           : loaded 2 times (x 81B)
Class org.gradle.tooling.model.Model                                                  : loaded 2 times (x 70B)
Class kotlin.UninitializedPropertyAccessException                                     : loaded 2 times (x 82B)
Class com.google.common.collect.Iterators$4                                           : loaded 2 times (x 82B)
Class org.gradle.api.internal.classpath.ModuleRegistry                                : loaded 2 times (x 70B)
Class org.gradle.internal.installation.GradleInstallation$1                           : loaded 2 times (x 75B)
Class com.google.common.collect.Iterators$5                                           : loaded 2 times (x 82B)
Class com.google.common.collect.ImmutableCollection                                   : loaded 2 times (x 125B)
Class org.gradle.api.internal.classpath.DefaultModuleRegistry                         : loaded 2 times (x 86B)
Class com.google.common.collect.Lists                                                 : loaded 2 times (x 71B)
Class com.google.common.collect.Iterators$9                                           : loaded 2 times (x 81B)
Class org.gradle.internal.time.MonotonicClock                                         : loaded 2 times (x 77B)
Class org.gradle.internal.service.ServiceLookupException                              : loaded 2 times (x 82B)
Class org.gradle.internal.classloader.ClassLoaderFactory                              : loaded 2 times (x 70B)
Class org.gradle.internal.service.CachingServiceLocator                               : loaded 2 times (x 82B)
Class org.gradle.internal.time.TimeSource                                             : loaded 2 times (x 70B)
Class org.gradle.tooling.internal.gradle.GradleBuildIdentity                          : loaded 2 times (x 70B)
Class kotlin.enums.EnumEntries                                                        : loaded 2 times (x 70B)
Class org.gradle.internal.exceptions.ResolutionProvider                               : loaded 2 times (x 70B)
Class org.gradle.tooling.model.ProjectIdentifier                                      : loaded 2 times (x 70B)
Class org.gradle.internal.classloader.ClasspathUtil                                   : loaded 2 times (x 71B)
Class org.gradle.internal.time.TimeSource$1                                           : loaded 2 times (x 77B)
Class kotlin.jvm.internal.DefaultConstructorMarker                                    : loaded 2 times (x 71B)
Class org.gradle.api.specs.Spec                                                       : loaded 2 times (x 70B)
Class com.intellij.gradle.toolingExtension.impl.model.utilDummyModel.DummyModel       : loaded 2 times (x 70B)
Class org.gradle.internal.time.Clock                                                  : loaded 2 times (x 70B)
Class kotlin.collections.AbstractList                                                 : loaded 2 times (x 197B)
Class kotlin.collections.AbstractCollection                                           : loaded 2 times (x 117B)
Class org.gradle.internal.classloader.VisitableURLClassLoader$InstrumentingVisitableURLClassLoader: loaded 2 times (x 123B)
Class org.gradle.internal.classloader.VisitableURLClassLoader$Spec                    : loaded 2 times (x 74B)
Class org.gradle.internal.classpath.DefaultClassPath                                  : loaded 2 times (x 90B)
Class org.gradle.util.internal.DefaultGradleVersion                                   : loaded 2 times (x 82B)
Class org.gradle.internal.classloader.ClassLoaderSpec                                 : loaded 2 times (x 71B)
Class Settings_gradle$1$1                                                             : loaded 2 times (x 74B)
Class org.gradle.internal.classloader.VisitableURLClassLoader                         : loaded 2 times (x 117B)
Class Settings_gradle                                                                 : loaded 2 times (x 124B)
Class org.gradle.internal.classloader.ClassLoaderHierarchy                            : loaded 2 times (x 70B)
Class org.gradle.internal.classloader.FilteringClassLoader                            : loaded 2 times (x 105B)
Class org.gradle.internal.classpath.DefaultClassPath$ImmutableUniqueList$Builder      : loaded 2 times (x 75B)
Class Program                                                                         : loaded 2 times (x 72B)
Class org.gradle.internal.exceptions.NonGradleCauseExceptionsHolder                   : loaded 2 times (x 70B)
Class kotlin.NotImplementedError                                                      : loaded 2 times (x 82B)
Class kotlin.enums.EnumEntriesKt                                                      : loaded 2 times (x 71B)
Class org.gradle.internal.classloader.SystemClassLoaderSpec                           : loaded 2 times (x 71B)
Class org.gradle.internal.exceptions.MultiCauseException                              : loaded 2 times (x 70B)
Class org.gradle.internal.time.CountdownTimer                                         : loaded 2 times (x 70B)
Class kotlin.jvm.internal.Intrinsics                                                  : loaded 2 times (x 71B)
Class org.gradle.tooling.model.ProjectModel                                           : loaded 2 times (x 70B)
Class kotlin.KotlinNullPointerException                                               : loaded 2 times (x 83B)
Class org.gradle.internal.exceptions.DefaultMultiCauseException                       : loaded 2 times (x 95B)
Class com.google.common.base.Preconditions                                            : loaded 2 times (x 71B)
Class sync_studio_tooling_dup1o2q01lqtxe1pvxdsg8zaa$_run_closure1                     : loaded 2 times (x 139B)
Class com.google.common.collect.PeekingIterator                                       : loaded 2 times (x 70B)
Class org.gradle.internal.time.Time                                                   : loaded 2 times (x 71B)
Class org.gradle.api.internal.classpath.GlobalCacheRootsProvider                      : loaded 2 times (x 70B)
Class org.gradle.tooling.model.BuildIdentifier                                        : loaded 2 times (x 70B)
Class kotlin.NoWhenBranchMatchedException                                             : loaded 2 times (x 82B)
Class ijInit1_5p5o13askbcenjjvupl5pbqv9$_run_closure1                                 : loaded 2 times (x 140B)
Class org.gradle.internal.time.Timer                                                  : loaded 2 times (x 70B)
Class kotlin.jvm.internal.markers.KMappedMarker                                       : loaded 2 times (x 70B)
Class org.gradle.internal.installation.CurrentGradleInstallationLocator               : loaded 2 times (x 71B)
Class com.google.common.collect.ImmutableList                                         : loaded 2 times (x 206B)
Class ijInit1_5p5o13askbcenjjvupl5pbqv9                                               : loaded 2 times (x 171B)
Class org.gradle.internal.service.DefaultServiceLocator                               : loaded 2 times (x 83B)
Class org.gradle.util.GradleVersion                                                   : loaded 2 times (x 81B)
Class org.gradle.internal.installation.CurrentGradleInstallation                      : loaded 2 times (x 73B)
Class org.gradle.util.internal.GUtil                                                  : loaded 2 times (x 71B)
Class com.google.common.collect.Iterators$MergingIterator                             : loaded 2 times (x 81B)
Class org.gradle.internal.installation.GradleInstallation                             : loaded 2 times (x 75B)

---------------  S Y S T E M  ---------------

OS:
 Windows 11 , 64 bit Build 26100 (10.0.26100.7920)
OS uptime: 1 days 4:11 hours
Hyper-V role detected

CPU: total 8 (initial active 8) (4 cores per cpu, 2 threads per core) family 6 model 140 stepping 1 microcode 0xb4, cx8, cmov, fxsr, ht, mmx, 3dnowpref, sse, sse2, sse3, ssse3, sse4.1, sse4.2, popcnt, lzcnt, tsc, tscinvbit, avx, avx2, aes, erms, clmul, bmi1, bmi2, adx, avx512f, avx512dq, avx512cd, avx512bw, avx512vl, sha, fma, vzeroupper, avx512_vpopcntdq, avx512_vpclmulqdq, avx512_vaes, avx512_vnni, clflush, clflushopt, clwb, avx512_vbmi2, avx512_vbmi, hv, rdtscp, rdpid, fsrm, gfni, avx512_bitalg, f16c, cet_ibt, cet_ss, avx512_ifma
Processor Information for processor 0
  Max Mhz: 2001, Current Mhz: 1200, Mhz Limit: 2001
Processor Information for processor 1
  Max Mhz: 2001, Current Mhz: 1200, Mhz Limit: 2001
Processor Information for processor 2
  Max Mhz: 2001, Current Mhz: 2001, Mhz Limit: 2001
Processor Information for processor 3
  Max Mhz: 2001, Current Mhz: 1200, Mhz Limit: 2001
Processor Information for processor 4
  Max Mhz: 2001, Current Mhz: 2001, Mhz Limit: 2001
Processor Information for processor 5
  Max Mhz: 2001, Current Mhz: 1200, Mhz Limit: 2001
Processor Information for processor 6
  Max Mhz: 2001, Current Mhz: 1200, Mhz Limit: 2001
Processor Information for processor 7
  Max Mhz: 2001, Current Mhz: 1200, Mhz Limit: 2001

Memory: 4k page, system-wide physical 7834M (721M free)
TotalPageFile size 11930M (AvailPageFile size 8M)
current process WorkingSet (physical memory assigned to process): 340M, peak: 340M
current process commit charge ("private bytes"): 372M, peak: 373M

vm_info: OpenJDK 64-Bit Server VM (21.0.9+-14787801-b1163.94) for windows-amd64 JRE (21.0.9+-14787801-b1163.94), built on 2026-01-27T21:15:44Z by "builder" with MS VC++ 16.10 / 16.11 (VS2019)

END.
